[2018-10-24T15:36:25.152] [WARN] oAuth - 权限:  token为null的用户没有权限调用接口
[2018-10-24T15:36:25.153] [WARN] oAuth - 权限:  token为null的用户没有权限调用接口
[2018-10-24T15:36:25.154] [WARN] oAuth - 权限:  token为null的用户没有权限调用接口
[2018-10-24T15:36:25.157] [WARN] oAuth - 权限:  token为null的用户没有权限调用接口
[2018-10-24T15:36:46.525] [INFO] oAuth - 权限: token为nJsiNDta8WXb7HSnfPaHCYAdzsdd7e5f的用户登陆到系统
[2018-10-24T15:36:46.527] [INFO] oAuth - 权限: token为nJsiNDta8WXb7HSnfPaHCYAdzsdd7e5f的用户登陆到系统
[2018-10-24T15:36:46.528] [INFO] oAuth - 权限: token为nJsiNDta8WXb7HSnfPaHCYAdzsdd7e5f的用户登陆到系统
[2018-10-24T15:36:46.532] [INFO] oAuth - 权限: token为nJsiNDta8WXb7HSnfPaHCYAdzsdd7e5f的用户登陆到系统
[2018-10-24T15:36:54.773] [INFO] oAuth - 权限: token为Z4sABHAWmJHmMzTytDDxxGjs3j75ab78的用户登陆到系统
[2018-10-24T15:36:54.776] [INFO] oAuth - 权限: token为Z4sABHAWmJHmMzTytDDxxGjs3j75ab78的用户登陆到系统
[2018-10-24T15:36:54.782] [INFO] oAuth - 权限: token为Z4sABHAWmJHmMzTytDDxxGjs3j75ab78的用户登陆到系统
[2018-10-24T15:37:04.789] [INFO] oAuth - 权限: token为Z4sABHAWmJHmMzTytDDxxGjs3j75ab78的用户登陆到系统
[2018-10-24T15:37:12.596] [INFO] oAuth - 权限: token为Z4sABHAWmJHmMzTytDDxxGjs3j75ab78的用户登陆到系统
[2018-10-24T15:37:15.033] [INFO] oAuth - 权限: token为Z4sABHAWmJHmMzTytDDxxGjs3j75ab78的用户登陆到系统
[2018-10-24T15:37:15.604] [INFO] oAuth - 权限: token为Z4sABHAWmJHmMzTytDDxxGjs3j75ab78的用户登陆到系统
[2018-10-24T15:37:15.646] [INFO] oAuth - 权限: token为Z4sABHAWmJHmMzTytDDxxGjs3j75ab78的用户登陆到系统
[2018-10-24T15:37:15.648] [INFO] oAuth - 权限: token为Z4sABHAWmJHmMzTytDDxxGjs3j75ab78的用户登陆到系统
[2018-10-24T15:37:15.650] [INFO] oAuth - 权限: token为Z4sABHAWmJHmMzTytDDxxGjs3j75ab78的用户登陆到系统
[2018-10-24T15:37:17.390] [INFO] oAuth - 权限: token为CXJDbB2FaMP7fm8tefynAChyNxKpDEWf的用户登陆到系统
[2018-10-24T15:37:17.391] [INFO] oAuth - 权限: token为CXJDbB2FaMP7fm8tefynAChyNxKpDEWf的用户登陆到系统
[2018-10-24T15:37:17.391] [INFO] oAuth - 权限: token为CXJDbB2FaMP7fm8tefynAChyNxKpDEWf的用户登陆到系统
[2018-10-24T15:37:17.392] [INFO] oAuth - 权限: token为CXJDbB2FaMP7fm8tefynAChyNxKpDEWf的用户登陆到系统
[2018-10-24T15:37:40.632] [INFO] oAuth - 权限: token为emZ8DEweAwwPDJNhEzEnWRiwQTxHxTjK的用户登陆到系统
[2018-10-24T15:37:42.013] [INFO] oAuth - 权限: token为emZ8DEweAwwPDJNhEzEnWRiwQTxHxTjK的用户登陆到系统
[2018-10-24T15:37:42.017] [INFO] oAuth - 权限: token为emZ8DEweAwwPDJNhEzEnWRiwQTxHxTjK的用户登陆到系统
[2018-10-24T15:37:42.018] [INFO] oAuth - 权限: token为emZ8DEweAwwPDJNhEzEnWRiwQTxHxTjK的用户登陆到系统
[2018-10-24T15:37:42.018] [INFO] oAuth - 权限: token为emZ8DEweAwwPDJNhEzEnWRiwQTxHxTjK的用户登陆到系统
[2018-10-24T15:37:59.910] [INFO] oAuth - 权限: token为DKDxGKdbakQdSzr47rxAYdzJzKee7hAm的用户登陆到系统
[2018-10-24T15:37:59.910] [INFO] oAuth - 权限: token为DKDxGKdbakQdSzr47rxAYdzJzKee7hAm的用户登陆到系统
[2018-10-24T15:37:59.911] [INFO] oAuth - 权限: token为DKDxGKdbakQdSzr47rxAYdzJzKee7hAm的用户登陆到系统
[2018-10-24T15:37:59.912] [INFO] oAuth - 权限: token为DKDxGKdbakQdSzr47rxAYdzJzKee7hAm的用户登陆到系统
[2018-10-24T16:26:41.364] [WARN] oAuth - 权限:  token为null的用户没有权限调用接口
[2018-10-24T16:26:41.364] [WARN] oAuth - 权限:  token为null的用户没有权限调用接口
[2018-10-24T16:26:41.366] [WARN] oAuth - 权限:  token为null的用户没有权限调用接口
[2018-10-24T16:26:41.368] [WARN] oAuth - 权限:  token为null的用户没有权限调用接口
[2018-10-24T16:26:45.641] [INFO] oAuth - 权限: token为kwcb8iHTMiFAxrYy7c3pk6z3SJSeE7dk的用户登陆到系统
[2018-10-24T16:26:45.643] [INFO] oAuth - 权限: token为kwcb8iHTMiFAxrYy7c3pk6z3SJSeE7dk的用户登陆到系统
[2018-10-24T16:26:45.644] [INFO] oAuth - 权限: token为kwcb8iHTMiFAxrYy7c3pk6z3SJSeE7dk的用户登陆到系统
[2018-10-24T16:26:45.644] [INFO] oAuth - 权限: token为kwcb8iHTMiFAxrYy7c3pk6z3SJSeE7dk的用户登陆到系统
[2018-10-24T16:26:50.508] [INFO] oAuth - 权限: token为PWGbeaib72dyeeb25aTrE6zBBMBcRrR2的用户登陆到系统
[2018-10-24T16:26:50.510] [INFO] oAuth - 权限: token为PWGbeaib72dyeeb25aTrE6zBBMBcRrR2的用户登陆到系统
[2018-10-24T16:26:50.514] [INFO] oAuth - 权限: token为PWGbeaib72dyeeb25aTrE6zBBMBcRrR2的用户登陆到系统
[2018-10-24T16:26:52.003] [INFO] oAuth - 权限: token为PWGbeaib72dyeeb25aTrE6zBBMBcRrR2的用户登陆到系统
[2018-10-24T16:27:06.452] [INFO] oAuth - 权限: token为PWGbeaib72dyeeb25aTrE6zBBMBcRrR2的用户登陆到系统
[2018-10-24T16:27:06.460] [INFO] oAuth - 权限: token为PWGbeaib72dyeeb25aTrE6zBBMBcRrR2的用户登陆到系统
[2018-10-24T16:27:06.465] [INFO] oAuth - 权限: token为PWGbeaib72dyeeb25aTrE6zBBMBcRrR2的用户登陆到系统
[2018-10-24T16:27:06.465] [INFO] oAuth - 权限: token为PWGbeaib72dyeeb25aTrE6zBBMBcRrR2的用户登陆到系统
[2018-10-24T16:27:09.959] [INFO] oAuth - 权限: token为cZJ6MxZwifPPpAj4cFDJeQDNn7G3zGZ3的用户登陆到系统
[2018-10-24T16:27:09.960] [INFO] oAuth - 权限: token为cZJ6MxZwifPPpAj4cFDJeQDNn7G3zGZ3的用户登陆到系统
[2018-10-24T16:27:09.961] [INFO] oAuth - 权限: token为cZJ6MxZwifPPpAj4cFDJeQDNn7G3zGZ3的用户登陆到系统
[2018-10-24T16:27:09.961] [INFO] oAuth - 权限: token为cZJ6MxZwifPPpAj4cFDJeQDNn7G3zGZ3的用户登陆到系统
[2018-10-24T16:46:17.844] [INFO] oAuth - 权限: token为EcAphC8RKdynepnG3ibH7kFjPwpQN8Ys的用户登陆到系统
[2018-10-24T16:46:17.862] [INFO] oAuth - 权限: token为EcAphC8RKdynepnG3ibH7kFjPwpQN8Ys的用户登陆到系统
[2018-10-24T16:46:17.863] [INFO] oAuth - 权限: token为EcAphC8RKdynepnG3ibH7kFjPwpQN8Ys的用户登陆到系统
[2018-10-24T16:46:17.864] [INFO] oAuth - 权限: token为EcAphC8RKdynepnG3ibH7kFjPwpQN8Ys的用户登陆到系统
[2018-10-24T16:53:36.740] [INFO] oAuth - 权限: token为kkJ3DSAGkW7BDGfxHm4P4Qs2Bp5bhsEa的用户登陆到系统
[2018-10-24T16:53:36.740] [INFO] oAuth - 权限: token为kkJ3DSAGkW7BDGfxHm4P4Qs2Bp5bhsEa的用户登陆到系统
[2018-10-24T16:53:36.741] [INFO] oAuth - 权限: token为kkJ3DSAGkW7BDGfxHm4P4Qs2Bp5bhsEa的用户登陆到系统
[2018-10-24T16:53:36.743] [INFO] oAuth - 权限: token为kkJ3DSAGkW7BDGfxHm4P4Qs2Bp5bhsEa的用户登陆到系统
[2018-10-24T16:53:39.787] [INFO] oAuth - 权限: token为2C8SDPsMmdpG22wtpcQQxNC6TPsKDaHw的用户登陆到系统
[2018-10-24T16:53:39.789] [INFO] oAuth - 权限: token为2C8SDPsMmdpG22wtpcQQxNC6TPsKDaHw的用户登陆到系统
[2018-10-24T16:53:39.829] [INFO] oAuth - 权限: token为2C8SDPsMmdpG22wtpcQQxNC6TPsKDaHw的用户登陆到系统
[2018-10-24T17:12:30.424] [INFO] oAuth - 权限: token为2C8SDPsMmdpG22wtpcQQxNC6TPsKDaHw的用户登陆到系统
[2018-10-24T17:12:30.427] [INFO] oAuth - 权限: token为2C8SDPsMmdpG22wtpcQQxNC6TPsKDaHw的用户登陆到系统
[2018-10-24T17:12:30.427] [INFO] oAuth - 权限: token为2C8SDPsMmdpG22wtpcQQxNC6TPsKDaHw的用户登陆到系统
[2018-10-24T17:12:30.429] [INFO] oAuth - 权限: token为2C8SDPsMmdpG22wtpcQQxNC6TPsKDaHw的用户登陆到系统
[2018-10-24T17:37:12.842] [INFO] oAuth - 权限: token为58RMwN3GfT6pP8bhKc3SQWd3TdzMiQh2的用户登陆到系统
[2018-10-24T17:37:12.846] [INFO] oAuth - 权限: token为58RMwN3GfT6pP8bhKc3SQWd3TdzMiQh2的用户登陆到系统
[2018-10-24T17:37:12.847] [INFO] oAuth - 权限: token为58RMwN3GfT6pP8bhKc3SQWd3TdzMiQh2的用户登陆到系统
[2018-10-24T17:37:12.849] [INFO] oAuth - 权限: token为58RMwN3GfT6pP8bhKc3SQWd3TdzMiQh2的用户登陆到系统
[2018-10-24T18:24:54.364] [INFO] oAuth - 权限: token为aeiBWAySGdyBXr2PbWQDeK7fknGbewxb的用户登陆到系统
[2018-10-24T18:24:54.369] [INFO] oAuth - 权限: token为aeiBWAySGdyBXr2PbWQDeK7fknGbewxb的用户登陆到系统
[2018-10-24T18:24:54.371] [INFO] oAuth - 权限: token为aeiBWAySGdyBXr2PbWQDeK7fknGbewxb的用户登陆到系统
[2018-10-24T18:24:54.374] [INFO] oAuth - 权限: token为aeiBWAySGdyBXr2PbWQDeK7fknGbewxb的用户登陆到系统
[2018-10-24T18:24:56.680] [INFO] oAuth - 权限: token为bHsccCcGd74dGTysbWeQFFaXXsWfREYm的用户登陆到系统
[2018-10-24T18:24:56.682] [INFO] oAuth - 权限: token为bHsccCcGd74dGTysbWeQFFaXXsWfREYm的用户登陆到系统
[2018-10-24T18:24:56.682] [INFO] oAuth - 权限: token为bHsccCcGd74dGTysbWeQFFaXXsWfREYm的用户登陆到系统
[2018-10-24T18:24:56.682] [INFO] oAuth - 权限: token为bHsccCcGd74dGTysbWeQFFaXXsWfREYm的用户登陆到系统
