[2018-11-15T14:39:21.515] [ERROR] app - 【error】 status: 404 message: Not Found
[2018-11-15T14:39:21.515] [ERROR] app - 【stack】
  NotFoundError: Not Found
    at E:\node\enjoy\app.js:75:8
    at Layer.handle [as handle_request] (E:\node\node_modules\node_global\node_modules\express\lib\router\layer.js:95:5)
    at trim_prefix (E:\node\node_modules\node_global\node_modules\express\lib\router\index.js:317:13)
    at E:\node\node_modules\node_global\node_modules\express\lib\router\index.js:284:7
    at Function.process_params (E:\node\node_modules\node_global\node_modules\express\lib\router\index.js:335:12)
    at next (E:\node\node_modules\node_global\node_modules\express\lib\router\index.js:275:10)
    at E:\node\node_modules\node_global\node_modules\express\lib\router\index.js:635:15
    at next (E:\node\node_modules\node_global\node_modules\express\lib\router\index.js:260:14)
    at Function.handle (E:\node\node_modules\node_global\node_modules\express\lib\router\index.js:174:3)
    at router (E:\node\node_modules\node_global\node_modules\express\lib\router\index.js:47:12)
    at Layer.handle [as handle_request] (E:\node\node_modules\node_global\node_modules\express\lib\router\layer.js:95:5)
    at trim_prefix (E:\node\node_modules\node_global\node_modules\express\lib\router\index.js:317:13)
    at E:\node\node_modules\node_global\node_modules\express\lib\router\index.js:284:7
    at Function.process_params (E:\node\node_modules\node_global\node_modules\express\lib\router\index.js:335:12)
    at next (E:\node\node_modules\node_global\node_modules\express\lib\router\index.js:275:10)
    at E:\node\enjoy\app.js:67:9
[2018-11-15T14:39:21.519] [ERROR] app - 【error】 status: 404 message: Not Found
[2018-11-15T14:39:21.519] [ERROR] app - 【stack】
  NotFoundError: Not Found
    at E:\node\enjoy\app.js:75:8
    at Layer.handle [as handle_request] (E:\node\node_modules\node_global\node_modules\express\lib\router\layer.js:95:5)
    at trim_prefix (E:\node\node_modules\node_global\node_modules\express\lib\router\index.js:317:13)
    at E:\node\node_modules\node_global\node_modules\express\lib\router\index.js:284:7
    at Function.process_params (E:\node\node_modules\node_global\node_modules\express\lib\router\index.js:335:12)
    at next (E:\node\node_modules\node_global\node_modules\express\lib\router\index.js:275:10)
    at E:\node\node_modules\node_global\node_modules\express\lib\router\index.js:635:15
    at next (E:\node\node_modules\node_global\node_modules\express\lib\router\index.js:260:14)
    at Function.handle (E:\node\node_modules\node_global\node_modules\express\lib\router\index.js:174:3)
    at router (E:\node\node_modules\node_global\node_modules\express\lib\router\index.js:47:12)
    at Layer.handle [as handle_request] (E:\node\node_modules\node_global\node_modules\express\lib\router\layer.js:95:5)
    at trim_prefix (E:\node\node_modules\node_global\node_modules\express\lib\router\index.js:317:13)
    at E:\node\node_modules\node_global\node_modules\express\lib\router\index.js:284:7
    at Function.process_params (E:\node\node_modules\node_global\node_modules\express\lib\router\index.js:335:12)
    at next (E:\node\node_modules\node_global\node_modules\express\lib\router\index.js:275:10)
    at E:\node\enjoy\app.js:67:9
[2018-11-15T14:39:21.522] [ERROR] app - 【error】 status: 404 message: Not Found
[2018-11-15T14:39:21.522] [ERROR] app - 【stack】
  NotFoundError: Not Found
    at E:\node\enjoy\app.js:75:8
    at Layer.handle [as handle_request] (E:\node\node_modules\node_global\node_modules\express\lib\router\layer.js:95:5)
    at trim_prefix (E:\node\node_modules\node_global\node_modules\express\lib\router\index.js:317:13)
    at E:\node\node_modules\node_global\node_modules\express\lib\router\index.js:284:7
    at Function.process_params (E:\node\node_modules\node_global\node_modules\express\lib\router\index.js:335:12)
    at next (E:\node\node_modules\node_global\node_modules\express\lib\router\index.js:275:10)
    at E:\node\node_modules\node_global\node_modules\express\lib\router\index.js:635:15
    at next (E:\node\node_modules\node_global\node_modules\express\lib\router\index.js:260:14)
    at Function.handle (E:\node\node_modules\node_global\node_modules\express\lib\router\index.js:174:3)
    at router (E:\node\node_modules\node_global\node_modules\express\lib\router\index.js:47:12)
    at Layer.handle [as handle_request] (E:\node\node_modules\node_global\node_modules\express\lib\router\layer.js:95:5)
    at trim_prefix (E:\node\node_modules\node_global\node_modules\express\lib\router\index.js:317:13)
    at E:\node\node_modules\node_global\node_modules\express\lib\router\index.js:284:7
    at Function.process_params (E:\node\node_modules\node_global\node_modules\express\lib\router\index.js:335:12)
    at next (E:\node\node_modules\node_global\node_modules\express\lib\router\index.js:275:10)
    at E:\node\enjoy\app.js:67:9
[2018-11-15T14:39:21.529] [ERROR] app - 【error】 status: 404 message: Not Found
[2018-11-15T14:39:21.531] [ERROR] app - 【stack】
  NotFoundError: Not Found
    at E:\node\enjoy\app.js:75:8
    at Layer.handle [as handle_request] (E:\node\node_modules\node_global\node_modules\express\lib\router\layer.js:95:5)
    at trim_prefix (E:\node\node_modules\node_global\node_modules\express\lib\router\index.js:317:13)
    at E:\node\node_modules\node_global\node_modules\express\lib\router\index.js:284:7
    at Function.process_params (E:\node\node_modules\node_global\node_modules\express\lib\router\index.js:335:12)
    at next (E:\node\node_modules\node_global\node_modules\express\lib\router\index.js:275:10)
    at E:\node\node_modules\node_global\node_modules\express\lib\router\index.js:635:15
    at next (E:\node\node_modules\node_global\node_modules\express\lib\router\index.js:260:14)
    at Function.handle (E:\node\node_modules\node_global\node_modules\express\lib\router\index.js:174:3)
    at router (E:\node\node_modules\node_global\node_modules\express\lib\router\index.js:47:12)
    at Layer.handle [as handle_request] (E:\node\node_modules\node_global\node_modules\express\lib\router\layer.js:95:5)
    at trim_prefix (E:\node\node_modules\node_global\node_modules\express\lib\router\index.js:317:13)
    at E:\node\node_modules\node_global\node_modules\express\lib\router\index.js:284:7
    at Function.process_params (E:\node\node_modules\node_global\node_modules\express\lib\router\index.js:335:12)
    at next (E:\node\node_modules\node_global\node_modules\express\lib\router\index.js:275:10)
    at E:\node\enjoy\app.js:67:9
[2018-11-15T14:39:21.537] [ERROR] app - 【error】 status: 404 message: Not Found
[2018-11-15T14:39:21.537] [ERROR] app - 【stack】
  NotFoundError: Not Found
    at E:\node\enjoy\app.js:75:8
    at Layer.handle [as handle_request] (E:\node\node_modules\node_global\node_modules\express\lib\router\layer.js:95:5)
    at trim_prefix (E:\node\node_modules\node_global\node_modules\express\lib\router\index.js:317:13)
    at E:\node\node_modules\node_global\node_modules\express\lib\router\index.js:284:7
    at Function.process_params (E:\node\node_modules\node_global\node_modules\express\lib\router\index.js:335:12)
    at next (E:\node\node_modules\node_global\node_modules\express\lib\router\index.js:275:10)
    at E:\node\node_modules\node_global\node_modules\express\lib\router\index.js:635:15
    at next (E:\node\node_modules\node_global\node_modules\express\lib\router\index.js:260:14)
    at Function.handle (E:\node\node_modules\node_global\node_modules\express\lib\router\index.js:174:3)
    at router (E:\node\node_modules\node_global\node_modules\express\lib\router\index.js:47:12)
    at Layer.handle [as handle_request] (E:\node\node_modules\node_global\node_modules\express\lib\router\layer.js:95:5)
    at trim_prefix (E:\node\node_modules\node_global\node_modules\express\lib\router\index.js:317:13)
    at E:\node\node_modules\node_global\node_modules\express\lib\router\index.js:284:7
    at Function.process_params (E:\node\node_modules\node_global\node_modules\express\lib\router\index.js:335:12)
    at next (E:\node\node_modules\node_global\node_modules\express\lib\router\index.js:275:10)
    at E:\node\enjoy\app.js:67:9
[2018-11-15T14:39:21.538] [ERROR] app - 【error】 status: 404 message: Not Found
[2018-11-15T14:39:21.538] [ERROR] app - 【stack】
  NotFoundError: Not Found
    at E:\node\enjoy\app.js:75:8
    at Layer.handle [as handle_request] (E:\node\node_modules\node_global\node_modules\express\lib\router\layer.js:95:5)
    at trim_prefix (E:\node\node_modules\node_global\node_modules\express\lib\router\index.js:317:13)
    at E:\node\node_modules\node_global\node_modules\express\lib\router\index.js:284:7
    at Function.process_params (E:\node\node_modules\node_global\node_modules\express\lib\router\index.js:335:12)
    at next (E:\node\node_modules\node_global\node_modules\express\lib\router\index.js:275:10)
    at E:\node\node_modules\node_global\node_modules\express\lib\router\index.js:635:15
    at next (E:\node\node_modules\node_global\node_modules\express\lib\router\index.js:260:14)
    at Function.handle (E:\node\node_modules\node_global\node_modules\express\lib\router\index.js:174:3)
    at router (E:\node\node_modules\node_global\node_modules\express\lib\router\index.js:47:12)
    at Layer.handle [as handle_request] (E:\node\node_modules\node_global\node_modules\express\lib\router\layer.js:95:5)
    at trim_prefix (E:\node\node_modules\node_global\node_modules\express\lib\router\index.js:317:13)
    at E:\node\node_modules\node_global\node_modules\express\lib\router\index.js:284:7
    at Function.process_params (E:\node\node_modules\node_global\node_modules\express\lib\router\index.js:335:12)
    at next (E:\node\node_modules\node_global\node_modules\express\lib\router\index.js:275:10)
    at E:\node\enjoy\app.js:67:9
[2018-11-15T14:39:21.539] [ERROR] app - 【error】 status: 404 message: Not Found
[2018-11-15T14:39:21.539] [ERROR] app - 【stack】
  NotFoundError: Not Found
    at E:\node\enjoy\app.js:75:8
    at Layer.handle [as handle_request] (E:\node\node_modules\node_global\node_modules\express\lib\router\layer.js:95:5)
    at trim_prefix (E:\node\node_modules\node_global\node_modules\express\lib\router\index.js:317:13)
    at E:\node\node_modules\node_global\node_modules\express\lib\router\index.js:284:7
    at Function.process_params (E:\node\node_modules\node_global\node_modules\express\lib\router\index.js:335:12)
    at next (E:\node\node_modules\node_global\node_modules\express\lib\router\index.js:275:10)
    at E:\node\node_modules\node_global\node_modules\express\lib\router\index.js:635:15
    at next (E:\node\node_modules\node_global\node_modules\express\lib\router\index.js:260:14)
    at Function.handle (E:\node\node_modules\node_global\node_modules\express\lib\router\index.js:174:3)
    at router (E:\node\node_modules\node_global\node_modules\express\lib\router\index.js:47:12)
    at Layer.handle [as handle_request] (E:\node\node_modules\node_global\node_modules\express\lib\router\layer.js:95:5)
    at trim_prefix (E:\node\node_modules\node_global\node_modules\express\lib\router\index.js:317:13)
    at E:\node\node_modules\node_global\node_modules\express\lib\router\index.js:284:7
    at Function.process_params (E:\node\node_modules\node_global\node_modules\express\lib\router\index.js:335:12)
    at next (E:\node\node_modules\node_global\node_modules\express\lib\router\index.js:275:10)
    at E:\node\enjoy\app.js:67:9
[2018-11-15T14:39:21.540] [ERROR] app - 【error】 status: 404 message: Not Found
[2018-11-15T14:39:21.540] [ERROR] app - 【stack】
  NotFoundError: Not Found
    at E:\node\enjoy\app.js:75:8
    at Layer.handle [as handle_request] (E:\node\node_modules\node_global\node_modules\express\lib\router\layer.js:95:5)
    at trim_prefix (E:\node\node_modules\node_global\node_modules\express\lib\router\index.js:317:13)
    at E:\node\node_modules\node_global\node_modules\express\lib\router\index.js:284:7
    at Function.process_params (E:\node\node_modules\node_global\node_modules\express\lib\router\index.js:335:12)
    at next (E:\node\node_modules\node_global\node_modules\express\lib\router\index.js:275:10)
    at E:\node\node_modules\node_global\node_modules\express\lib\router\index.js:635:15
    at next (E:\node\node_modules\node_global\node_modules\express\lib\router\index.js:260:14)
    at Function.handle (E:\node\node_modules\node_global\node_modules\express\lib\router\index.js:174:3)
    at router (E:\node\node_modules\node_global\node_modules\express\lib\router\index.js:47:12)
    at Layer.handle [as handle_request] (E:\node\node_modules\node_global\node_modules\express\lib\router\layer.js:95:5)
    at trim_prefix (E:\node\node_modules\node_global\node_modules\express\lib\router\index.js:317:13)
    at E:\node\node_modules\node_global\node_modules\express\lib\router\index.js:284:7
    at Function.process_params (E:\node\node_modules\node_global\node_modules\express\lib\router\index.js:335:12)
    at next (E:\node\node_modules\node_global\node_modules\express\lib\router\index.js:275:10)
    at E:\node\enjoy\app.js:67:9
[2018-11-15T14:39:21.542] [ERROR] app - 【error】 status: 404 message: Not Found
[2018-11-15T14:39:21.542] [ERROR] app - 【stack】
  NotFoundError: Not Found
    at E:\node\enjoy\app.js:75:8
    at Layer.handle [as handle_request] (E:\node\node_modules\node_global\node_modules\express\lib\router\layer.js:95:5)
    at trim_prefix (E:\node\node_modules\node_global\node_modules\express\lib\router\index.js:317:13)
    at E:\node\node_modules\node_global\node_modules\express\lib\router\index.js:284:7
    at Function.process_params (E:\node\node_modules\node_global\node_modules\express\lib\router\index.js:335:12)
    at next (E:\node\node_modules\node_global\node_modules\express\lib\router\index.js:275:10)
    at E:\node\node_modules\node_global\node_modules\express\lib\router\index.js:635:15
    at next (E:\node\node_modules\node_global\node_modules\express\lib\router\index.js:260:14)
    at Function.handle (E:\node\node_modules\node_global\node_modules\express\lib\router\index.js:174:3)
    at router (E:\node\node_modules\node_global\node_modules\express\lib\router\index.js:47:12)
    at Layer.handle [as handle_request] (E:\node\node_modules\node_global\node_modules\express\lib\router\layer.js:95:5)
    at trim_prefix (E:\node\node_modules\node_global\node_modules\express\lib\router\index.js:317:13)
    at E:\node\node_modules\node_global\node_modules\express\lib\router\index.js:284:7
    at Function.process_params (E:\node\node_modules\node_global\node_modules\express\lib\router\index.js:335:12)
    at next (E:\node\node_modules\node_global\node_modules\express\lib\router\index.js:275:10)
    at E:\node\enjoy\app.js:67:9
[2018-11-15T14:39:30.567] [ERROR] app - 【error】 status: 404 message: Not Found
[2018-11-15T14:39:30.568] [ERROR] app - 【stack】
  NotFoundError: Not Found
    at E:\node\enjoy\app.js:75:8
    at Layer.handle [as handle_request] (E:\node\node_modules\node_global\node_modules\express\lib\router\layer.js:95:5)
    at trim_prefix (E:\node\node_modules\node_global\node_modules\express\lib\router\index.js:317:13)
    at E:\node\node_modules\node_global\node_modules\express\lib\router\index.js:284:7
    at Function.process_params (E:\node\node_modules\node_global\node_modules\express\lib\router\index.js:335:12)
    at next (E:\node\node_modules\node_global\node_modules\express\lib\router\index.js:275:10)
    at E:\node\node_modules\node_global\node_modules\express\lib\router\index.js:635:15
    at next (E:\node\node_modules\node_global\node_modules\express\lib\router\index.js:260:14)
    at Function.handle (E:\node\node_modules\node_global\node_modules\express\lib\router\index.js:174:3)
    at router (E:\node\node_modules\node_global\node_modules\express\lib\router\index.js:47:12)
    at Layer.handle [as handle_request] (E:\node\node_modules\node_global\node_modules\express\lib\router\layer.js:95:5)
    at trim_prefix (E:\node\node_modules\node_global\node_modules\express\lib\router\index.js:317:13)
    at E:\node\node_modules\node_global\node_modules\express\lib\router\index.js:284:7
    at Function.process_params (E:\node\node_modules\node_global\node_modules\express\lib\router\index.js:335:12)
    at next (E:\node\node_modules\node_global\node_modules\express\lib\router\index.js:275:10)
    at E:\node\enjoy\app.js:67:9
[2018-11-15T14:39:30.568] [ERROR] app - 【error】 status: 404 message: Not Found
[2018-11-15T14:39:30.568] [ERROR] app - 【stack】
  NotFoundError: Not Found
    at E:\node\enjoy\app.js:75:8
    at Layer.handle [as handle_request] (E:\node\node_modules\node_global\node_modules\express\lib\router\layer.js:95:5)
    at trim_prefix (E:\node\node_modules\node_global\node_modules\express\lib\router\index.js:317:13)
    at E:\node\node_modules\node_global\node_modules\express\lib\router\index.js:284:7
    at Function.process_params (E:\node\node_modules\node_global\node_modules\express\lib\router\index.js:335:12)
    at next (E:\node\node_modules\node_global\node_modules\express\lib\router\index.js:275:10)
    at E:\node\node_modules\node_global\node_modules\express\lib\router\index.js:635:15
    at next (E:\node\node_modules\node_global\node_modules\express\lib\router\index.js:260:14)
    at Function.handle (E:\node\node_modules\node_global\node_modules\express\lib\router\index.js:174:3)
    at router (E:\node\node_modules\node_global\node_modules\express\lib\router\index.js:47:12)
    at Layer.handle [as handle_request] (E:\node\node_modules\node_global\node_modules\express\lib\router\layer.js:95:5)
    at trim_prefix (E:\node\node_modules\node_global\node_modules\express\lib\router\index.js:317:13)
    at E:\node\node_modules\node_global\node_modules\express\lib\router\index.js:284:7
    at Function.process_params (E:\node\node_modules\node_global\node_modules\express\lib\router\index.js:335:12)
    at next (E:\node\node_modules\node_global\node_modules\express\lib\router\index.js:275:10)
    at E:\node\enjoy\app.js:67:9
[2018-11-15T14:39:30.570] [ERROR] app - 【error】 status: 404 message: Not Found
[2018-11-15T14:39:30.570] [ERROR] app - 【stack】
  NotFoundError: Not Found
    at E:\node\enjoy\app.js:75:8
    at Layer.handle [as handle_request] (E:\node\node_modules\node_global\node_modules\express\lib\router\layer.js:95:5)
    at trim_prefix (E:\node\node_modules\node_global\node_modules\express\lib\router\index.js:317:13)
    at E:\node\node_modules\node_global\node_modules\express\lib\router\index.js:284:7
    at Function.process_params (E:\node\node_modules\node_global\node_modules\express\lib\router\index.js:335:12)
    at next (E:\node\node_modules\node_global\node_modules\express\lib\router\index.js:275:10)
    at E:\node\node_modules\node_global\node_modules\express\lib\router\index.js:635:15
    at next (E:\node\node_modules\node_global\node_modules\express\lib\router\index.js:260:14)
    at Function.handle (E:\node\node_modules\node_global\node_modules\express\lib\router\index.js:174:3)
    at router (E:\node\node_modules\node_global\node_modules\express\lib\router\index.js:47:12)
    at Layer.handle [as handle_request] (E:\node\node_modules\node_global\node_modules\express\lib\router\layer.js:95:5)
    at trim_prefix (E:\node\node_modules\node_global\node_modules\express\lib\router\index.js:317:13)
    at E:\node\node_modules\node_global\node_modules\express\lib\router\index.js:284:7
    at Function.process_params (E:\node\node_modules\node_global\node_modules\express\lib\router\index.js:335:12)
    at next (E:\node\node_modules\node_global\node_modules\express\lib\router\index.js:275:10)
    at E:\node\enjoy\app.js:67:9
[2018-11-15T14:39:30.574] [ERROR] app - 【error】 status: 404 message: Not Found
[2018-11-15T14:39:30.575] [ERROR] app - 【stack】
  NotFoundError: Not Found
    at E:\node\enjoy\app.js:75:8
    at Layer.handle [as handle_request] (E:\node\node_modules\node_global\node_modules\express\lib\router\layer.js:95:5)
    at trim_prefix (E:\node\node_modules\node_global\node_modules\express\lib\router\index.js:317:13)
    at E:\node\node_modules\node_global\node_modules\express\lib\router\index.js:284:7
    at Function.process_params (E:\node\node_modules\node_global\node_modules\express\lib\router\index.js:335:12)
    at next (E:\node\node_modules\node_global\node_modules\express\lib\router\index.js:275:10)
    at E:\node\node_modules\node_global\node_modules\express\lib\router\index.js:635:15
    at next (E:\node\node_modules\node_global\node_modules\express\lib\router\index.js:260:14)
    at Function.handle (E:\node\node_modules\node_global\node_modules\express\lib\router\index.js:174:3)
    at router (E:\node\node_modules\node_global\node_modules\express\lib\router\index.js:47:12)
    at Layer.handle [as handle_request] (E:\node\node_modules\node_global\node_modules\express\lib\router\layer.js:95:5)
    at trim_prefix (E:\node\node_modules\node_global\node_modules\express\lib\router\index.js:317:13)
    at E:\node\node_modules\node_global\node_modules\express\lib\router\index.js:284:7
    at Function.process_params (E:\node\node_modules\node_global\node_modules\express\lib\router\index.js:335:12)
    at next (E:\node\node_modules\node_global\node_modules\express\lib\router\index.js:275:10)
    at E:\node\enjoy\app.js:67:9
[2018-11-15T14:39:30.577] [ERROR] app - 【error】 status: 404 message: Not Found
[2018-11-15T14:39:30.578] [ERROR] app - 【stack】
  NotFoundError: Not Found
    at E:\node\enjoy\app.js:75:8
    at Layer.handle [as handle_request] (E:\node\node_modules\node_global\node_modules\express\lib\router\layer.js:95:5)
    at trim_prefix (E:\node\node_modules\node_global\node_modules\express\lib\router\index.js:317:13)
    at E:\node\node_modules\node_global\node_modules\express\lib\router\index.js:284:7
    at Function.process_params (E:\node\node_modules\node_global\node_modules\express\lib\router\index.js:335:12)
    at next (E:\node\node_modules\node_global\node_modules\express\lib\router\index.js:275:10)
    at E:\node\node_modules\node_global\node_modules\express\lib\router\index.js:635:15
    at next (E:\node\node_modules\node_global\node_modules\express\lib\router\index.js:260:14)
    at Function.handle (E:\node\node_modules\node_global\node_modules\express\lib\router\index.js:174:3)
    at router (E:\node\node_modules\node_global\node_modules\express\lib\router\index.js:47:12)
    at Layer.handle [as handle_request] (E:\node\node_modules\node_global\node_modules\express\lib\router\layer.js:95:5)
    at trim_prefix (E:\node\node_modules\node_global\node_modules\express\lib\router\index.js:317:13)
    at E:\node\node_modules\node_global\node_modules\express\lib\router\index.js:284:7
    at Function.process_params (E:\node\node_modules\node_global\node_modules\express\lib\router\index.js:335:12)
    at next (E:\node\node_modules\node_global\node_modules\express\lib\router\index.js:275:10)
    at E:\node\enjoy\app.js:67:9
[2018-11-15T14:39:30.579] [ERROR] app - 【error】 status: 404 message: Not Found
[2018-11-15T14:39:30.579] [ERROR] app - 【stack】
  NotFoundError: Not Found
    at E:\node\enjoy\app.js:75:8
    at Layer.handle [as handle_request] (E:\node\node_modules\node_global\node_modules\express\lib\router\layer.js:95:5)
    at trim_prefix (E:\node\node_modules\node_global\node_modules\express\lib\router\index.js:317:13)
    at E:\node\node_modules\node_global\node_modules\express\lib\router\index.js:284:7
    at Function.process_params (E:\node\node_modules\node_global\node_modules\express\lib\router\index.js:335:12)
    at next (E:\node\node_modules\node_global\node_modules\express\lib\router\index.js:275:10)
    at E:\node\node_modules\node_global\node_modules\express\lib\router\index.js:635:15
    at next (E:\node\node_modules\node_global\node_modules\express\lib\router\index.js:260:14)
    at Function.handle (E:\node\node_modules\node_global\node_modules\express\lib\router\index.js:174:3)
    at router (E:\node\node_modules\node_global\node_modules\express\lib\router\index.js:47:12)
    at Layer.handle [as handle_request] (E:\node\node_modules\node_global\node_modules\express\lib\router\layer.js:95:5)
    at trim_prefix (E:\node\node_modules\node_global\node_modules\express\lib\router\index.js:317:13)
    at E:\node\node_modules\node_global\node_modules\express\lib\router\index.js:284:7
    at Function.process_params (E:\node\node_modules\node_global\node_modules\express\lib\router\index.js:335:12)
    at next (E:\node\node_modules\node_global\node_modules\express\lib\router\index.js:275:10)
    at E:\node\enjoy\app.js:67:9
[2018-11-15T14:39:30.585] [ERROR] app - 【error】 status: 404 message: Not Found
[2018-11-15T14:39:30.585] [ERROR] app - 【stack】
  NotFoundError: Not Found
    at E:\node\enjoy\app.js:75:8
    at Layer.handle [as handle_request] (E:\node\node_modules\node_global\node_modules\express\lib\router\layer.js:95:5)
    at trim_prefix (E:\node\node_modules\node_global\node_modules\express\lib\router\index.js:317:13)
    at E:\node\node_modules\node_global\node_modules\express\lib\router\index.js:284:7
    at Function.process_params (E:\node\node_modules\node_global\node_modules\express\lib\router\index.js:335:12)
    at next (E:\node\node_modules\node_global\node_modules\express\lib\router\index.js:275:10)
    at E:\node\node_modules\node_global\node_modules\express\lib\router\index.js:635:15
    at next (E:\node\node_modules\node_global\node_modules\express\lib\router\index.js:260:14)
    at Function.handle (E:\node\node_modules\node_global\node_modules\express\lib\router\index.js:174:3)
    at router (E:\node\node_modules\node_global\node_modules\express\lib\router\index.js:47:12)
    at Layer.handle [as handle_request] (E:\node\node_modules\node_global\node_modules\express\lib\router\layer.js:95:5)
    at trim_prefix (E:\node\node_modules\node_global\node_modules\express\lib\router\index.js:317:13)
    at E:\node\node_modules\node_global\node_modules\express\lib\router\index.js:284:7
    at Function.process_params (E:\node\node_modules\node_global\node_modules\express\lib\router\index.js:335:12)
    at next (E:\node\node_modules\node_global\node_modules\express\lib\router\index.js:275:10)
    at E:\node\enjoy\app.js:67:9
[2018-11-15T14:39:30.588] [ERROR] app - 【error】 status: 404 message: Not Found
[2018-11-15T14:39:30.588] [ERROR] app - 【stack】
  NotFoundError: Not Found
    at E:\node\enjoy\app.js:75:8
    at Layer.handle [as handle_request] (E:\node\node_modules\node_global\node_modules\express\lib\router\layer.js:95:5)
    at trim_prefix (E:\node\node_modules\node_global\node_modules\express\lib\router\index.js:317:13)
    at E:\node\node_modules\node_global\node_modules\express\lib\router\index.js:284:7
    at Function.process_params (E:\node\node_modules\node_global\node_modules\express\lib\router\index.js:335:12)
    at next (E:\node\node_modules\node_global\node_modules\express\lib\router\index.js:275:10)
    at E:\node\node_modules\node_global\node_modules\express\lib\router\index.js:635:15
    at next (E:\node\node_modules\node_global\node_modules\express\lib\router\index.js:260:14)
    at Function.handle (E:\node\node_modules\node_global\node_modules\express\lib\router\index.js:174:3)
    at router (E:\node\node_modules\node_global\node_modules\express\lib\router\index.js:47:12)
    at Layer.handle [as handle_request] (E:\node\node_modules\node_global\node_modules\express\lib\router\layer.js:95:5)
    at trim_prefix (E:\node\node_modules\node_global\node_modules\express\lib\router\index.js:317:13)
    at E:\node\node_modules\node_global\node_modules\express\lib\router\index.js:284:7
    at Function.process_params (E:\node\node_modules\node_global\node_modules\express\lib\router\index.js:335:12)
    at next (E:\node\node_modules\node_global\node_modules\express\lib\router\index.js:275:10)
    at E:\node\enjoy\app.js:67:9
[2018-11-15T14:39:30.596] [ERROR] app - 【error】 status: 404 message: Not Found
[2018-11-15T14:39:30.596] [ERROR] app - 【stack】
  NotFoundError: Not Found
    at E:\node\enjoy\app.js:75:8
    at Layer.handle [as handle_request] (E:\node\node_modules\node_global\node_modules\express\lib\router\layer.js:95:5)
    at trim_prefix (E:\node\node_modules\node_global\node_modules\express\lib\router\index.js:317:13)
    at E:\node\node_modules\node_global\node_modules\express\lib\router\index.js:284:7
    at Function.process_params (E:\node\node_modules\node_global\node_modules\express\lib\router\index.js:335:12)
    at next (E:\node\node_modules\node_global\node_modules\express\lib\router\index.js:275:10)
    at E:\node\node_modules\node_global\node_modules\express\lib\router\index.js:635:15
    at next (E:\node\node_modules\node_global\node_modules\express\lib\router\index.js:260:14)
    at Function.handle (E:\node\node_modules\node_global\node_modules\express\lib\router\index.js:174:3)
    at router (E:\node\node_modules\node_global\node_modules\express\lib\router\index.js:47:12)
    at Layer.handle [as handle_request] (E:\node\node_modules\node_global\node_modules\express\lib\router\layer.js:95:5)
    at trim_prefix (E:\node\node_modules\node_global\node_modules\express\lib\router\index.js:317:13)
    at E:\node\node_modules\node_global\node_modules\express\lib\router\index.js:284:7
    at Function.process_params (E:\node\node_modules\node_global\node_modules\express\lib\router\index.js:335:12)
    at next (E:\node\node_modules\node_global\node_modules\express\lib\router\index.js:275:10)
    at E:\node\enjoy\app.js:67:9
[2018-11-15T14:39:46.843] [ERROR] app - 【error】 status: 404 message: Not Found
[2018-11-15T14:39:46.843] [ERROR] app - 【stack】
  NotFoundError: Not Found
    at E:\node\enjoy\app.js:75:8
    at Layer.handle [as handle_request] (E:\node\node_modules\node_global\node_modules\express\lib\router\layer.js:95:5)
    at trim_prefix (E:\node\node_modules\node_global\node_modules\express\lib\router\index.js:317:13)
    at E:\node\node_modules\node_global\node_modules\express\lib\router\index.js:284:7
    at Function.process_params (E:\node\node_modules\node_global\node_modules\express\lib\router\index.js:335:12)
    at next (E:\node\node_modules\node_global\node_modules\express\lib\router\index.js:275:10)
    at E:\node\node_modules\node_global\node_modules\express\lib\router\index.js:635:15
    at next (E:\node\node_modules\node_global\node_modules\express\lib\router\index.js:260:14)
    at Function.handle (E:\node\node_modules\node_global\node_modules\express\lib\router\index.js:174:3)
    at router (E:\node\node_modules\node_global\node_modules\express\lib\router\index.js:47:12)
    at Layer.handle [as handle_request] (E:\node\node_modules\node_global\node_modules\express\lib\router\layer.js:95:5)
    at trim_prefix (E:\node\node_modules\node_global\node_modules\express\lib\router\index.js:317:13)
    at E:\node\node_modules\node_global\node_modules\express\lib\router\index.js:284:7
    at Function.process_params (E:\node\node_modules\node_global\node_modules\express\lib\router\index.js:335:12)
    at next (E:\node\node_modules\node_global\node_modules\express\lib\router\index.js:275:10)
    at E:\node\enjoy\app.js:67:9
[2018-11-15T14:39:46.845] [ERROR] app - 【error】 status: 404 message: Not Found
[2018-11-15T14:39:46.845] [ERROR] app - 【stack】
  NotFoundError: Not Found
    at E:\node\enjoy\app.js:75:8
    at Layer.handle [as handle_request] (E:\node\node_modules\node_global\node_modules\express\lib\router\layer.js:95:5)
    at trim_prefix (E:\node\node_modules\node_global\node_modules\express\lib\router\index.js:317:13)
    at E:\node\node_modules\node_global\node_modules\express\lib\router\index.js:284:7
    at Function.process_params (E:\node\node_modules\node_global\node_modules\express\lib\router\index.js:335:12)
    at next (E:\node\node_modules\node_global\node_modules\express\lib\router\index.js:275:10)
    at E:\node\node_modules\node_global\node_modules\express\lib\router\index.js:635:15
    at next (E:\node\node_modules\node_global\node_modules\express\lib\router\index.js:260:14)
    at Function.handle (E:\node\node_modules\node_global\node_modules\express\lib\router\index.js:174:3)
    at router (E:\node\node_modules\node_global\node_modules\express\lib\router\index.js:47:12)
    at Layer.handle [as handle_request] (E:\node\node_modules\node_global\node_modules\express\lib\router\layer.js:95:5)
    at trim_prefix (E:\node\node_modules\node_global\node_modules\express\lib\router\index.js:317:13)
    at E:\node\node_modules\node_global\node_modules\express\lib\router\index.js:284:7
    at Function.process_params (E:\node\node_modules\node_global\node_modules\express\lib\router\index.js:335:12)
    at next (E:\node\node_modules\node_global\node_modules\express\lib\router\index.js:275:10)
    at E:\node\enjoy\app.js:67:9
[2018-11-15T14:39:46.847] [ERROR] app - 【error】 status: 404 message: Not Found
[2018-11-15T14:39:46.847] [ERROR] app - 【stack】
  NotFoundError: Not Found
    at E:\node\enjoy\app.js:75:8
    at Layer.handle [as handle_request] (E:\node\node_modules\node_global\node_modules\express\lib\router\layer.js:95:5)
    at trim_prefix (E:\node\node_modules\node_global\node_modules\express\lib\router\index.js:317:13)
    at E:\node\node_modules\node_global\node_modules\express\lib\router\index.js:284:7
    at Function.process_params (E:\node\node_modules\node_global\node_modules\express\lib\router\index.js:335:12)
    at next (E:\node\node_modules\node_global\node_modules\express\lib\router\index.js:275:10)
    at E:\node\node_modules\node_global\node_modules\express\lib\router\index.js:635:15
    at next (E:\node\node_modules\node_global\node_modules\express\lib\router\index.js:260:14)
    at Function.handle (E:\node\node_modules\node_global\node_modules\express\lib\router\index.js:174:3)
    at router (E:\node\node_modules\node_global\node_modules\express\lib\router\index.js:47:12)
    at Layer.handle [as handle_request] (E:\node\node_modules\node_global\node_modules\express\lib\router\layer.js:95:5)
    at trim_prefix (E:\node\node_modules\node_global\node_modules\express\lib\router\index.js:317:13)
    at E:\node\node_modules\node_global\node_modules\express\lib\router\index.js:284:7
    at Function.process_params (E:\node\node_modules\node_global\node_modules\express\lib\router\index.js:335:12)
    at next (E:\node\node_modules\node_global\node_modules\express\lib\router\index.js:275:10)
    at E:\node\enjoy\app.js:67:9
[2018-11-15T14:39:46.848] [ERROR] app - 【error】 status: 404 message: Not Found
[2018-11-15T14:39:46.848] [ERROR] app - 【stack】
  NotFoundError: Not Found
    at E:\node\enjoy\app.js:75:8
    at Layer.handle [as handle_request] (E:\node\node_modules\node_global\node_modules\express\lib\router\layer.js:95:5)
    at trim_prefix (E:\node\node_modules\node_global\node_modules\express\lib\router\index.js:317:13)
    at E:\node\node_modules\node_global\node_modules\express\lib\router\index.js:284:7
    at Function.process_params (E:\node\node_modules\node_global\node_modules\express\lib\router\index.js:335:12)
    at next (E:\node\node_modules\node_global\node_modules\express\lib\router\index.js:275:10)
    at E:\node\node_modules\node_global\node_modules\express\lib\router\index.js:635:15
    at next (E:\node\node_modules\node_global\node_modules\express\lib\router\index.js:260:14)
    at Function.handle (E:\node\node_modules\node_global\node_modules\express\lib\router\index.js:174:3)
    at router (E:\node\node_modules\node_global\node_modules\express\lib\router\index.js:47:12)
    at Layer.handle [as handle_request] (E:\node\node_modules\node_global\node_modules\express\lib\router\layer.js:95:5)
    at trim_prefix (E:\node\node_modules\node_global\node_modules\express\lib\router\index.js:317:13)
    at E:\node\node_modules\node_global\node_modules\express\lib\router\index.js:284:7
    at Function.process_params (E:\node\node_modules\node_global\node_modules\express\lib\router\index.js:335:12)
    at next (E:\node\node_modules\node_global\node_modules\express\lib\router\index.js:275:10)
    at E:\node\enjoy\app.js:67:9
[2018-11-15T14:39:46.854] [ERROR] app - 【error】 status: 404 message: Not Found
[2018-11-15T14:39:46.854] [ERROR] app - 【stack】
  NotFoundError: Not Found
    at E:\node\enjoy\app.js:75:8
    at Layer.handle [as handle_request] (E:\node\node_modules\node_global\node_modules\express\lib\router\layer.js:95:5)
    at trim_prefix (E:\node\node_modules\node_global\node_modules\express\lib\router\index.js:317:13)
    at E:\node\node_modules\node_global\node_modules\express\lib\router\index.js:284:7
    at Function.process_params (E:\node\node_modules\node_global\node_modules\express\lib\router\index.js:335:12)
    at next (E:\node\node_modules\node_global\node_modules\express\lib\router\index.js:275:10)
    at E:\node\node_modules\node_global\node_modules\express\lib\router\index.js:635:15
    at next (E:\node\node_modules\node_global\node_modules\express\lib\router\index.js:260:14)
    at Function.handle (E:\node\node_modules\node_global\node_modules\express\lib\router\index.js:174:3)
    at router (E:\node\node_modules\node_global\node_modules\express\lib\router\index.js:47:12)
    at Layer.handle [as handle_request] (E:\node\node_modules\node_global\node_modules\express\lib\router\layer.js:95:5)
    at trim_prefix (E:\node\node_modules\node_global\node_modules\express\lib\router\index.js:317:13)
    at E:\node\node_modules\node_global\node_modules\express\lib\router\index.js:284:7
    at Function.process_params (E:\node\node_modules\node_global\node_modules\express\lib\router\index.js:335:12)
    at next (E:\node\node_modules\node_global\node_modules\express\lib\router\index.js:275:10)
    at E:\node\enjoy\app.js:67:9
[2018-11-15T14:39:46.857] [ERROR] app - 【error】 status: 404 message: Not Found
[2018-11-15T14:39:46.857] [ERROR] app - 【stack】
  NotFoundError: Not Found
    at E:\node\enjoy\app.js:75:8
    at Layer.handle [as handle_request] (E:\node\node_modules\node_global\node_modules\express\lib\router\layer.js:95:5)
    at trim_prefix (E:\node\node_modules\node_global\node_modules\express\lib\router\index.js:317:13)
    at E:\node\node_modules\node_global\node_modules\express\lib\router\index.js:284:7
    at Function.process_params (E:\node\node_modules\node_global\node_modules\express\lib\router\index.js:335:12)
    at next (E:\node\node_modules\node_global\node_modules\express\lib\router\index.js:275:10)
    at E:\node\node_modules\node_global\node_modules\express\lib\router\index.js:635:15
    at next (E:\node\node_modules\node_global\node_modules\express\lib\router\index.js:260:14)
    at Function.handle (E:\node\node_modules\node_global\node_modules\express\lib\router\index.js:174:3)
    at router (E:\node\node_modules\node_global\node_modules\express\lib\router\index.js:47:12)
    at Layer.handle [as handle_request] (E:\node\node_modules\node_global\node_modules\express\lib\router\layer.js:95:5)
    at trim_prefix (E:\node\node_modules\node_global\node_modules\express\lib\router\index.js:317:13)
    at E:\node\node_modules\node_global\node_modules\express\lib\router\index.js:284:7
    at Function.process_params (E:\node\node_modules\node_global\node_modules\express\lib\router\index.js:335:12)
    at next (E:\node\node_modules\node_global\node_modules\express\lib\router\index.js:275:10)
    at E:\node\enjoy\app.js:67:9
[2018-11-15T14:39:46.859] [ERROR] app - 【error】 status: 404 message: Not Found
[2018-11-15T14:39:46.859] [ERROR] app - 【stack】
  NotFoundError: Not Found
    at E:\node\enjoy\app.js:75:8
    at Layer.handle [as handle_request] (E:\node\node_modules\node_global\node_modules\express\lib\router\layer.js:95:5)
    at trim_prefix (E:\node\node_modules\node_global\node_modules\express\lib\router\index.js:317:13)
    at E:\node\node_modules\node_global\node_modules\express\lib\router\index.js:284:7
    at Function.process_params (E:\node\node_modules\node_global\node_modules\express\lib\router\index.js:335:12)
    at next (E:\node\node_modules\node_global\node_modules\express\lib\router\index.js:275:10)
    at E:\node\node_modules\node_global\node_modules\express\lib\router\index.js:635:15
    at next (E:\node\node_modules\node_global\node_modules\express\lib\router\index.js:260:14)
    at Function.handle (E:\node\node_modules\node_global\node_modules\express\lib\router\index.js:174:3)
    at router (E:\node\node_modules\node_global\node_modules\express\lib\router\index.js:47:12)
    at Layer.handle [as handle_request] (E:\node\node_modules\node_global\node_modules\express\lib\router\layer.js:95:5)
    at trim_prefix (E:\node\node_modules\node_global\node_modules\express\lib\router\index.js:317:13)
    at E:\node\node_modules\node_global\node_modules\express\lib\router\index.js:284:7
    at Function.process_params (E:\node\node_modules\node_global\node_modules\express\lib\router\index.js:335:12)
    at next (E:\node\node_modules\node_global\node_modules\express\lib\router\index.js:275:10)
    at E:\node\enjoy\app.js:67:9
[2018-11-15T14:39:46.860] [ERROR] app - 【error】 status: 404 message: Not Found
[2018-11-15T14:39:46.860] [ERROR] app - 【stack】
  NotFoundError: Not Found
    at E:\node\enjoy\app.js:75:8
    at Layer.handle [as handle_request] (E:\node\node_modules\node_global\node_modules\express\lib\router\layer.js:95:5)
    at trim_prefix (E:\node\node_modules\node_global\node_modules\express\lib\router\index.js:317:13)
    at E:\node\node_modules\node_global\node_modules\express\lib\router\index.js:284:7
    at Function.process_params (E:\node\node_modules\node_global\node_modules\express\lib\router\index.js:335:12)
    at next (E:\node\node_modules\node_global\node_modules\express\lib\router\index.js:275:10)
    at E:\node\node_modules\node_global\node_modules\express\lib\router\index.js:635:15
    at next (E:\node\node_modules\node_global\node_modules\express\lib\router\index.js:260:14)
    at Function.handle (E:\node\node_modules\node_global\node_modules\express\lib\router\index.js:174:3)
    at router (E:\node\node_modules\node_global\node_modules\express\lib\router\index.js:47:12)
    at Layer.handle [as handle_request] (E:\node\node_modules\node_global\node_modules\express\lib\router\layer.js:95:5)
    at trim_prefix (E:\node\node_modules\node_global\node_modules\express\lib\router\index.js:317:13)
    at E:\node\node_modules\node_global\node_modules\express\lib\router\index.js:284:7
    at Function.process_params (E:\node\node_modules\node_global\node_modules\express\lib\router\index.js:335:12)
    at next (E:\node\node_modules\node_global\node_modules\express\lib\router\index.js:275:10)
    at E:\node\enjoy\app.js:67:9
[2018-11-15T14:39:46.861] [ERROR] app - 【error】 status: 404 message: Not Found
[2018-11-15T14:39:46.861] [ERROR] app - 【stack】
  NotFoundError: Not Found
    at E:\node\enjoy\app.js:75:8
    at Layer.handle [as handle_request] (E:\node\node_modules\node_global\node_modules\express\lib\router\layer.js:95:5)
    at trim_prefix (E:\node\node_modules\node_global\node_modules\express\lib\router\index.js:317:13)
    at E:\node\node_modules\node_global\node_modules\express\lib\router\index.js:284:7
    at Function.process_params (E:\node\node_modules\node_global\node_modules\express\lib\router\index.js:335:12)
    at next (E:\node\node_modules\node_global\node_modules\express\lib\router\index.js:275:10)
    at E:\node\node_modules\node_global\node_modules\express\lib\router\index.js:635:15
    at next (E:\node\node_modules\node_global\node_modules\express\lib\router\index.js:260:14)
    at Function.handle (E:\node\node_modules\node_global\node_modules\express\lib\router\index.js:174:3)
    at router (E:\node\node_modules\node_global\node_modules\express\lib\router\index.js:47:12)
    at Layer.handle [as handle_request] (E:\node\node_modules\node_global\node_modules\express\lib\router\layer.js:95:5)
    at trim_prefix (E:\node\node_modules\node_global\node_modules\express\lib\router\index.js:317:13)
    at E:\node\node_modules\node_global\node_modules\express\lib\router\index.js:284:7
    at Function.process_params (E:\node\node_modules\node_global\node_modules\express\lib\router\index.js:335:12)
    at next (E:\node\node_modules\node_global\node_modules\express\lib\router\index.js:275:10)
    at E:\node\enjoy\app.js:67:9
[2018-11-15T14:49:05.216] [ERROR] app - 【error】 status: 404 message: Not Found
[2018-11-15T14:49:05.216] [ERROR] app - 【stack】
  NotFoundError: Not Found
    at E:\node\enjoy\app.js:75:8
    at Layer.handle [as handle_request] (E:\node\node_modules\node_global\node_modules\express\lib\router\layer.js:95:5)
    at trim_prefix (E:\node\node_modules\node_global\node_modules\express\lib\router\index.js:317:13)
    at E:\node\node_modules\node_global\node_modules\express\lib\router\index.js:284:7
    at Function.process_params (E:\node\node_modules\node_global\node_modules\express\lib\router\index.js:335:12)
    at next (E:\node\node_modules\node_global\node_modules\express\lib\router\index.js:275:10)
    at E:\node\node_modules\node_global\node_modules\express\lib\router\index.js:635:15
    at next (E:\node\node_modules\node_global\node_modules\express\lib\router\index.js:260:14)
    at Function.handle (E:\node\node_modules\node_global\node_modules\express\lib\router\index.js:174:3)
    at router (E:\node\node_modules\node_global\node_modules\express\lib\router\index.js:47:12)
    at Layer.handle [as handle_request] (E:\node\node_modules\node_global\node_modules\express\lib\router\layer.js:95:5)
    at trim_prefix (E:\node\node_modules\node_global\node_modules\express\lib\router\index.js:317:13)
    at E:\node\node_modules\node_global\node_modules\express\lib\router\index.js:284:7
    at Function.process_params (E:\node\node_modules\node_global\node_modules\express\lib\router\index.js:335:12)
    at next (E:\node\node_modules\node_global\node_modules\express\lib\router\index.js:275:10)
    at E:\node\enjoy\app.js:67:9
[2018-11-15T14:49:05.249] [ERROR] app - 【error】 status: 404 message: Not Found
[2018-11-15T14:49:05.249] [ERROR] app - 【stack】
  NotFoundError: Not Found
    at E:\node\enjoy\app.js:75:8
    at Layer.handle [as handle_request] (E:\node\node_modules\node_global\node_modules\express\lib\router\layer.js:95:5)
    at trim_prefix (E:\node\node_modules\node_global\node_modules\express\lib\router\index.js:317:13)
    at E:\node\node_modules\node_global\node_modules\express\lib\router\index.js:284:7
    at Function.process_params (E:\node\node_modules\node_global\node_modules\express\lib\router\index.js:335:12)
    at next (E:\node\node_modules\node_global\node_modules\express\lib\router\index.js:275:10)
    at E:\node\node_modules\node_global\node_modules\express\lib\router\index.js:635:15
    at next (E:\node\node_modules\node_global\node_modules\express\lib\router\index.js:260:14)
    at Function.handle (E:\node\node_modules\node_global\node_modules\express\lib\router\index.js:174:3)
    at router (E:\node\node_modules\node_global\node_modules\express\lib\router\index.js:47:12)
    at Layer.handle [as handle_request] (E:\node\node_modules\node_global\node_modules\express\lib\router\layer.js:95:5)
    at trim_prefix (E:\node\node_modules\node_global\node_modules\express\lib\router\index.js:317:13)
    at E:\node\node_modules\node_global\node_modules\express\lib\router\index.js:284:7
    at Function.process_params (E:\node\node_modules\node_global\node_modules\express\lib\router\index.js:335:12)
    at next (E:\node\node_modules\node_global\node_modules\express\lib\router\index.js:275:10)
    at E:\node\enjoy\app.js:67:9
[2018-11-15T14:53:40.185] [ERROR] app - 【error】 status: 404 message: Not Found
[2018-11-15T14:53:40.186] [ERROR] app - 【stack】
  NotFoundError: Not Found
    at E:\node\enjoy\app.js:75:8
    at Layer.handle [as handle_request] (E:\node\node_modules\node_global\node_modules\express\lib\router\layer.js:95:5)
    at trim_prefix (E:\node\node_modules\node_global\node_modules\express\lib\router\index.js:317:13)
    at E:\node\node_modules\node_global\node_modules\express\lib\router\index.js:284:7
    at Function.process_params (E:\node\node_modules\node_global\node_modules\express\lib\router\index.js:335:12)
    at next (E:\node\node_modules\node_global\node_modules\express\lib\router\index.js:275:10)
    at E:\node\node_modules\node_global\node_modules\express\lib\router\index.js:635:15
    at next (E:\node\node_modules\node_global\node_modules\express\lib\router\index.js:260:14)
    at Function.handle (E:\node\node_modules\node_global\node_modules\express\lib\router\index.js:174:3)
    at router (E:\node\node_modules\node_global\node_modules\express\lib\router\index.js:47:12)
    at Layer.handle [as handle_request] (E:\node\node_modules\node_global\node_modules\express\lib\router\layer.js:95:5)
    at trim_prefix (E:\node\node_modules\node_global\node_modules\express\lib\router\index.js:317:13)
    at E:\node\node_modules\node_global\node_modules\express\lib\router\index.js:284:7
    at Function.process_params (E:\node\node_modules\node_global\node_modules\express\lib\router\index.js:335:12)
    at next (E:\node\node_modules\node_global\node_modules\express\lib\router\index.js:275:10)
    at E:\node\enjoy\app.js:67:9
[2018-11-15T14:53:40.214] [ERROR] app - 【error】 status: 404 message: Not Found
[2018-11-15T14:53:40.214] [ERROR] app - 【stack】
  NotFoundError: Not Found
    at E:\node\enjoy\app.js:75:8
    at Layer.handle [as handle_request] (E:\node\node_modules\node_global\node_modules\express\lib\router\layer.js:95:5)
    at trim_prefix (E:\node\node_modules\node_global\node_modules\express\lib\router\index.js:317:13)
    at E:\node\node_modules\node_global\node_modules\express\lib\router\index.js:284:7
    at Function.process_params (E:\node\node_modules\node_global\node_modules\express\lib\router\index.js:335:12)
    at next (E:\node\node_modules\node_global\node_modules\express\lib\router\index.js:275:10)
    at E:\node\node_modules\node_global\node_modules\express\lib\router\index.js:635:15
    at next (E:\node\node_modules\node_global\node_modules\express\lib\router\index.js:260:14)
    at Function.handle (E:\node\node_modules\node_global\node_modules\express\lib\router\index.js:174:3)
    at router (E:\node\node_modules\node_global\node_modules\express\lib\router\index.js:47:12)
    at Layer.handle [as handle_request] (E:\node\node_modules\node_global\node_modules\express\lib\router\layer.js:95:5)
    at trim_prefix (E:\node\node_modules\node_global\node_modules\express\lib\router\index.js:317:13)
    at E:\node\node_modules\node_global\node_modules\express\lib\router\index.js:284:7
    at Function.process_params (E:\node\node_modules\node_global\node_modules\express\lib\router\index.js:335:12)
    at next (E:\node\node_modules\node_global\node_modules\express\lib\router\index.js:275:10)
    at E:\node\enjoy\app.js:67:9
[2018-11-15T14:56:08.080] [ERROR] app - 【error】 status: 404 message: Not Found
[2018-11-15T14:56:08.081] [ERROR] app - 【stack】
  NotFoundError: Not Found
    at E:\node\enjoy\app.js:75:8
    at Layer.handle [as handle_request] (E:\node\node_modules\node_global\node_modules\express\lib\router\layer.js:95:5)
    at trim_prefix (E:\node\node_modules\node_global\node_modules\express\lib\router\index.js:317:13)
    at E:\node\node_modules\node_global\node_modules\express\lib\router\index.js:284:7
    at Function.process_params (E:\node\node_modules\node_global\node_modules\express\lib\router\index.js:335:12)
    at next (E:\node\node_modules\node_global\node_modules\express\lib\router\index.js:275:10)
    at E:\node\node_modules\node_global\node_modules\express\lib\router\index.js:635:15
    at next (E:\node\node_modules\node_global\node_modules\express\lib\router\index.js:260:14)
    at Function.handle (E:\node\node_modules\node_global\node_modules\express\lib\router\index.js:174:3)
    at router (E:\node\node_modules\node_global\node_modules\express\lib\router\index.js:47:12)
    at Layer.handle [as handle_request] (E:\node\node_modules\node_global\node_modules\express\lib\router\layer.js:95:5)
    at trim_prefix (E:\node\node_modules\node_global\node_modules\express\lib\router\index.js:317:13)
    at E:\node\node_modules\node_global\node_modules\express\lib\router\index.js:284:7
    at Function.process_params (E:\node\node_modules\node_global\node_modules\express\lib\router\index.js:335:12)
    at next (E:\node\node_modules\node_global\node_modules\express\lib\router\index.js:275:10)
    at E:\node\enjoy\app.js:67:9
[2018-11-15T14:56:08.111] [ERROR] app - 【error】 status: 404 message: Not Found
[2018-11-15T14:56:08.111] [ERROR] app - 【stack】
  NotFoundError: Not Found
    at E:\node\enjoy\app.js:75:8
    at Layer.handle [as handle_request] (E:\node\node_modules\node_global\node_modules\express\lib\router\layer.js:95:5)
    at trim_prefix (E:\node\node_modules\node_global\node_modules\express\lib\router\index.js:317:13)
    at E:\node\node_modules\node_global\node_modules\express\lib\router\index.js:284:7
    at Function.process_params (E:\node\node_modules\node_global\node_modules\express\lib\router\index.js:335:12)
    at next (E:\node\node_modules\node_global\node_modules\express\lib\router\index.js:275:10)
    at E:\node\node_modules\node_global\node_modules\express\lib\router\index.js:635:15
    at next (E:\node\node_modules\node_global\node_modules\express\lib\router\index.js:260:14)
    at Function.handle (E:\node\node_modules\node_global\node_modules\express\lib\router\index.js:174:3)
    at router (E:\node\node_modules\node_global\node_modules\express\lib\router\index.js:47:12)
    at Layer.handle [as handle_request] (E:\node\node_modules\node_global\node_modules\express\lib\router\layer.js:95:5)
    at trim_prefix (E:\node\node_modules\node_global\node_modules\express\lib\router\index.js:317:13)
    at E:\node\node_modules\node_global\node_modules\express\lib\router\index.js:284:7
    at Function.process_params (E:\node\node_modules\node_global\node_modules\express\lib\router\index.js:335:12)
    at next (E:\node\node_modules\node_global\node_modules\express\lib\router\index.js:275:10)
    at E:\node\enjoy\app.js:67:9
