[2018-10-15T14:37:26.607] [INFO] oAuth - 权限: token为32091705742的用户登陆到系统
[2018-10-15T14:37:36.615] [ERROR] mysql - 【error】 status: 400 message: 数据库链接超时
[2018-10-15T14:49:50.582] [INFO] oAuth - 权限: token为27588452259的用户登陆到系统
[2018-10-15T14:49:52.394] [INFO] oAuth - 权限: token为27588452259的用户登陆到系统
[2018-10-15T14:49:52.756] [INFO] oAuth - 权限: token为27588452259的用户登陆到系统
[2018-10-15T14:49:53.765] [INFO] oAuth - 权限: token为27588452259的用户登陆到系统
[2018-10-15T14:49:54.274] [INFO] oAuth - 权限: token为27588452259的用户登陆到系统
[2018-10-15T14:49:54.747] [INFO] oAuth - 权限: token为27588452259的用户登陆到系统
[2018-10-15T14:49:55.091] [INFO] oAuth - 权限: token为27588452259的用户登陆到系统
[2018-10-15T14:49:55.523] [INFO] oAuth - 权限: token为27588452259的用户登陆到系统
[2018-10-15T14:49:56.163] [INFO] oAuth - 权限: token为27588452259的用户登陆到系统
[2018-10-15T14:49:56.490] [INFO] oAuth - 权限: token为27588452259的用户登陆到系统
[2018-10-15T14:49:57.043] [INFO] oAuth - 权限: token为27588452259的用户登陆到系统
[2018-10-15T14:50:00.586] [ERROR] mysql - 【error】 status: 400 message: 数据库链接超时
[2018-10-15T14:50:02.397] [ERROR] mysql - 【error】 status: 400 message: 数据库链接超时
[2018-10-15T14:50:02.762] [ERROR] mysql - 【error】 status: 400 message: 数据库链接超时
[2018-10-15T14:50:03.767] [ERROR] mysql - 【error】 status: 400 message: 数据库链接超时
[2018-10-15T14:50:04.276] [ERROR] mysql - 【error】 status: 400 message: 数据库链接超时
[2018-10-15T14:50:04.749] [ERROR] mysql - 【error】 status: 400 message: 数据库链接超时
[2018-10-15T14:50:05.093] [ERROR] mysql - 【error】 status: 400 message: 数据库链接超时
[2018-10-15T14:50:05.523] [ERROR] mysql - 【error】 status: 400 message: 数据库链接超时
[2018-10-15T14:50:06.167] [ERROR] mysql - 【error】 status: 400 message: 数据库链接超时
[2018-10-15T14:50:06.494] [ERROR] mysql - 【error】 status: 400 message: 数据库链接超时
[2018-10-15T14:50:10.587] [ERROR] mysql - 【error】 status: 400 message: 数据库链接超时
[2018-10-15T14:53:42.549] [INFO] oAuth - 权限: token为07094200254的用户登陆到系统
[2018-10-15T14:53:52.552] [ERROR] mysql - 【error】 status: 400 message: 数据库链接超时
[2018-10-15T14:55:35.206] [INFO] oAuth - 权限: token为80458063791的用户登陆到系统
[2018-10-15T14:55:45.209] [ERROR] mysql - 【error】 status: 400 message: 数据库链接超时
[2018-10-15T14:56:03.721] [INFO] oAuth - 权限: token为27588452259的用户登陆到系统
[2018-10-15T14:56:04.171] [INFO] oAuth - 权限: token为27588452259的用户登陆到系统
[2018-10-15T14:56:05.002] [INFO] oAuth - 权限: token为27588452259的用户登陆到系统
[2018-10-15T14:56:13.722] [ERROR] mysql - 【error】 status: 400 message: 数据库链接超时
[2018-10-15T14:56:14.172] [ERROR] mysql - 【error】 status: 400 message: 数据库链接超时
[2018-10-15T14:56:15.003] [ERROR] mysql - 【error】 status: 400 message: 数据库链接超时
[2018-10-15T15:08:18.073] [WARN] oAuth - 权限:  token为的用户没有权限调用接口
[2018-10-15T15:08:20.672] [WARN] oAuth - 权限:  token为的用户没有权限调用接口
[2018-10-15T15:08:21.902] [WARN] oAuth - 权限:  token为的用户没有权限调用接口
[2018-10-15T15:08:55.763] [INFO] oAuth - 权限: token为27588452259的用户登陆到系统
[2018-10-15T15:08:57.845] [INFO] oAuth - 权限: token为27588452259的用户登陆到系统
[2018-10-15T15:08:58.354] [INFO] oAuth - 权限: token为27588452259的用户登陆到系统
[2018-10-15T15:08:58.770] [INFO] oAuth - 权限: token为27588452259的用户登陆到系统
[2018-10-15T15:09:01.890] [INFO] oAuth - 权限: token为27588452259的用户登陆到系统
[2018-10-15T15:10:46.235] [INFO] oAuth - 权限: token为27588452259的用户登陆到系统
[2018-10-15T15:10:48.261] [INFO] oAuth - 权限: token为27588452259的用户登陆到系统
[2018-10-15T15:12:29.591] [INFO] oAuth - 权限: token为78333159826的用户登陆到系统
[2018-10-15T15:23:50.000] [INFO] oAuth - 权限: token为27588452259的用户登陆到系统
[2018-10-15T15:23:56.500] [INFO] oAuth - 权限: token为27588452259的用户登陆到系统
[2018-10-15T15:24:00.966] [INFO] oAuth - 权限: token为27588452259的用户登陆到系统
[2018-10-15T15:24:38.600] [INFO] oAuth - 权限: token为27588452259的用户登陆到系统
[2018-10-15T15:26:53.055] [INFO] oAuth - 权限: token为27588452259的用户登陆到系统
[2018-10-15T15:26:57.807] [INFO] oAuth - 权限: token为27588452259的用户登陆到系统
[2018-10-15T15:27:10.395] [INFO] oAuth - 权限: token为27588452259的用户登陆到系统
[2018-10-15T15:27:12.305] [INFO] oAuth - 权限: token为27588452259的用户登陆到系统
[2018-10-15T15:27:58.633] [INFO] oAuth - 权限: token为27588452259的用户登陆到系统
[2018-10-15T15:28:00.374] [INFO] oAuth - 权限: token为27588452259的用户登陆到系统
[2018-10-15T15:28:11.173] [INFO] oAuth - 权限: token为27588452259的用户登陆到系统
[2018-10-15T15:30:18.606] [INFO] oAuth - 权限: token为27588452259的用户登陆到系统
[2018-10-15T15:30:30.731] [INFO] oAuth - 权限: token为27588452259的用户登陆到系统
[2018-10-15T15:32:27.666] [INFO] oAuth - 权限: token为27588452259的用户登陆到系统
[2018-10-15T15:32:31.055] [INFO] oAuth - 权限: token为27588452259的用户登陆到系统
[2018-10-15T15:34:34.225] [INFO] oAuth - 权限: token为27588452259的用户登陆到系统
[2018-10-15T15:34:37.607] [INFO] oAuth - 权限: token为27588452259的用户登陆到系统
[2018-10-15T15:34:57.363] [INFO] oAuth - 权限: token为27588452259的用户登陆到系统
[2018-10-15T15:35:06.759] [INFO] oAuth - 权限: token为27588452259的用户登陆到系统
[2018-10-15T15:35:16.247] [INFO] oAuth - 权限: token为27588452259的用户登陆到系统
[2018-10-15T15:35:18.443] [INFO] oAuth - 权限: token为27588452259的用户登陆到系统
[2018-10-15T15:35:49.653] [INFO] oAuth - 权限: token为27588452259的用户登陆到系统
[2018-10-15T15:36:23.907] [INFO] oAuth - 权限: token为27588452259的用户登陆到系统
[2018-10-15T15:36:26.215] [INFO] oAuth - 权限: token为27588452259的用户登陆到系统
[2018-10-15T15:36:40.839] [INFO] oAuth - 权限: token为27588452259的用户登陆到系统
[2018-10-15T15:37:06.903] [INFO] oAuth - 权限: token为27588452259的用户登陆到系统
[2018-10-15T15:41:46.812] [INFO] oAuth - 权限: token为27588452259的用户登陆到系统
[2018-10-15T15:41:55.039] [INFO] oAuth - 权限: token为27588452259的用户登陆到系统
[2018-10-15T15:41:59.177] [INFO] oAuth - 权限: token为27588452259的用户登陆到系统
[2018-10-15T15:42:43.772] [INFO] oAuth - 权限: token为27588452259的用户登陆到系统
[2018-10-15T15:46:21.683] [INFO] oAuth - 权限: token为27588452259的用户登陆到系统
[2018-10-15T15:47:08.045] [INFO] oAuth - 权限: token为27588452259的用户登陆到系统
[2018-10-15T15:55:23.035] [INFO] oAuth - 权限: token为27588452259的用户登陆到系统
[2018-10-15T15:55:24.215] [INFO] oAuth - 权限: token为27588452259的用户登陆到系统
[2018-10-15T15:57:49.506] [INFO] oAuth - 权限: token为27588452259的用户登陆到系统
[2018-10-15T15:57:52.512] [INFO] oAuth - 权限: token为27588452259的用户登陆到系统
[2018-10-15T16:04:40.487] [WARN] oAuth - 权限:  token为的用户没有权限调用接口
[2018-10-15T16:09:22.063] [WARN] oAuth - 权限:  token为的用户没有权限调用接口
[2018-10-15T16:09:25.217] [INFO] oAuth - 权限: token为18888738638的用户登陆到系统
[2018-10-15T16:10:36.790] [INFO] oAuth - 权限: token为27588452259的用户登陆到系统
[2018-10-15T16:11:58.365] [INFO] oAuth - 权限: token为27588452259的用户登陆到系统
[2018-10-15T16:14:12.441] [INFO] oAuth - 权限: token为27588452259的用户登陆到系统
[2018-10-15T16:14:15.531] [INFO] oAuth - 权限: token为27588452259的用户登陆到系统
[2018-10-15T16:15:27.044] [INFO] oAuth - 权限: token为27588452259的用户登陆到系统
[2018-10-15T16:15:32.886] [INFO] oAuth - 权限: token为27588452259的用户登陆到系统
[2018-10-15T16:15:37.086] [INFO] oAuth - 权限: token为27588452259的用户登陆到系统
[2018-10-15T16:15:39.951] [INFO] oAuth - 权限: token为27588452259的用户登陆到系统
[2018-10-15T16:15:40.622] [INFO] oAuth - 权限: token为27588452259的用户登陆到系统
[2018-10-15T16:16:25.063] [INFO] oAuth - 权限: token为27588452259的用户登陆到系统
[2018-10-15T16:16:29.214] [INFO] oAuth - 权限: token为27588452259的用户登陆到系统
[2018-10-15T16:16:31.164] [INFO] oAuth - 权限: token为27588452259的用户登陆到系统
[2018-10-15T16:16:35.758] [INFO] oAuth - 权限: token为27588452259的用户登陆到系统
[2018-10-15T16:16:37.691] [INFO] oAuth - 权限: token为27588452259的用户登陆到系统
[2018-10-15T16:16:40.100] [INFO] oAuth - 权限: token为27588452259的用户登陆到系统
[2018-10-15T16:16:41.471] [INFO] oAuth - 权限: token为27588452259的用户登陆到系统
[2018-10-15T16:17:03.164] [INFO] oAuth - 权限: token为27588452259的用户登陆到系统
[2018-10-15T16:17:05.108] [INFO] oAuth - 权限: token为27588452259的用户登陆到系统
[2018-10-15T16:17:08.990] [INFO] oAuth - 权限: token为27588452259的用户登陆到系统
[2018-10-15T16:22:37.918] [INFO] oAuth - 权限: token为27588452259的用户登陆到系统
[2018-10-15T16:22:46.473] [INFO] oAuth - 权限: token为27588452259的用户登陆到系统
[2018-10-15T16:22:57.225] [INFO] oAuth - 权限: token为27588452259的用户登陆到系统
[2018-10-15T16:23:24.756] [INFO] oAuth - 权限: token为27588452259的用户登陆到系统
[2018-10-15T16:23:50.709] [INFO] oAuth - 权限: token为27588452259的用户登陆到系统
[2018-10-15T16:23:52.991] [INFO] oAuth - 权限: token为27588452259的用户登陆到系统
[2018-10-15T16:24:32.421] [INFO] oAuth - 权限: token为27588452259的用户登陆到系统
[2018-10-15T16:24:41.352] [INFO] oAuth - 权限: token为27588452259的用户登陆到系统
[2018-10-15T16:24:43.875] [INFO] oAuth - 权限: token为27588452259的用户登陆到系统
[2018-10-15T16:25:07.206] [INFO] oAuth - 权限: token为27588452259的用户登陆到系统
[2018-10-15T16:25:28.437] [INFO] oAuth - 权限: token为27588452259的用户登陆到系统
[2018-10-15T16:25:53.935] [INFO] oAuth - 权限: token为27588452259的用户登陆到系统
[2018-10-15T16:26:00.127] [INFO] oAuth - 权限: token为27588452259的用户登陆到系统
[2018-10-15T16:27:07.887] [INFO] oAuth - 权限: token为27588452259的用户登陆到系统
[2018-10-15T16:27:49.293] [INFO] oAuth - 权限: token为27588452259的用户登陆到系统
[2018-10-15T16:29:03.697] [INFO] oAuth - 权限: token为27588452259的用户登陆到系统
[2018-10-15T16:29:13.491] [INFO] oAuth - 权限: token为27588452259的用户登陆到系统
[2018-10-15T16:29:25.269] [INFO] oAuth - 权限: token为27588452259的用户登陆到系统
[2018-10-15T16:29:31.927] [INFO] oAuth - 权限: token为27588452259的用户登陆到系统
[2018-10-15T16:29:34.018] [INFO] oAuth - 权限: token为27588452259的用户登陆到系统
[2018-10-15T16:30:25.628] [INFO] oAuth - 权限: token为27588452259的用户登陆到系统
[2018-10-15T16:30:30.987] [INFO] oAuth - 权限: token为27588452259的用户登陆到系统
[2018-10-15T16:30:43.168] [INFO] oAuth - 权限: token为27588452259的用户登陆到系统
[2018-10-15T16:30:46.530] [INFO] oAuth - 权限: token为27588452259的用户登陆到系统
[2018-10-15T16:32:49.949] [INFO] oAuth - 权限: token为27588452259的用户登陆到系统
[2018-10-15T16:32:52.872] [INFO] oAuth - 权限: token为27588452259的用户登陆到系统
[2018-10-15T16:33:40.620] [INFO] oAuth - 权限: token为27588452259的用户登陆到系统
[2018-10-15T16:40:34.850] [INFO] oAuth - 权限: token为27588452259的用户登陆到系统
[2018-10-15T16:44:07.215] [INFO] oAuth - 权限: token为27588452259的用户登陆到系统
[2018-10-15T16:44:07.219] [INFO] oAuth - 权限: token为27588452259的用户登陆到系统
[2018-10-15T16:44:07.220] [INFO] oAuth - 权限: token为27588452259的用户登陆到系统
[2018-10-15T16:44:07.223] [INFO] oAuth - 权限: token为27588452259的用户登陆到系统
[2018-10-15T16:44:08.794] [INFO] oAuth - 权限: token为41418287825的用户登陆到系统
[2018-10-15T16:44:08.794] [INFO] oAuth - 权限: token为41418287825的用户登陆到系统
[2018-10-15T16:44:08.795] [INFO] oAuth - 权限: token为41418287825的用户登陆到系统
[2018-10-15T16:44:08.796] [INFO] oAuth - 权限: token为41418287825的用户登陆到系统
[2018-10-15T16:47:19.293] [INFO] oAuth - 权限: token为83917715518的用户登陆到系统
[2018-10-15T16:47:19.294] [INFO] oAuth - 权限: token为83917715518的用户登陆到系统
[2018-10-15T16:47:19.295] [INFO] oAuth - 权限: token为83917715518的用户登陆到系统
[2018-10-15T16:47:19.296] [INFO] oAuth - 权限: token为83917715518的用户登陆到系统
[2018-10-15T16:47:21.004] [INFO] oAuth - 权限: token为85522419046的用户登陆到系统
[2018-10-15T16:47:21.004] [INFO] oAuth - 权限: token为85522419046的用户登陆到系统
[2018-10-15T16:47:21.005] [INFO] oAuth - 权限: token为85522419046的用户登陆到系统
[2018-10-15T16:47:21.006] [INFO] oAuth - 权限: token为85522419046的用户登陆到系统
[2018-10-15T17:42:03.099] [INFO] oAuth - 权限: token为84876170028的用户登陆到系统
[2018-10-15T17:42:03.853] [INFO] oAuth - 权限: token为84876170028的用户登陆到系统
[2018-10-15T17:42:04.394] [INFO] oAuth - 权限: token为84876170028的用户登陆到系统
[2018-10-15T17:42:05.514] [INFO] oAuth - 权限: token为84876170028的用户登陆到系统
[2018-10-15T17:42:06.225] [INFO] oAuth - 权限: token为84876170028的用户登陆到系统
[2018-10-15T17:42:07.224] [INFO] oAuth - 权限: token为84876170028的用户登陆到系统
[2018-10-15T17:42:07.794] [INFO] oAuth - 权限: token为84876170028的用户登陆到系统
[2018-10-15T17:42:08.243] [INFO] oAuth - 权限: token为84876170028的用户登陆到系统
[2018-10-15T17:42:09.321] [INFO] oAuth - 权限: token为84876170028的用户登陆到系统
[2018-10-15T17:42:09.961] [INFO] oAuth - 权限: token为84876170028的用户登陆到系统
[2018-10-15T17:43:51.716] [INFO] oAuth - 权限: token为29078937745的用户登陆到系统
[2018-10-15T17:44:34.981] [INFO] oAuth - 权限: token为29078937745的用户登陆到系统
[2018-10-15T17:45:53.231] [INFO] oAuth - 权限: token为29078937745的用户登陆到系统
[2018-10-15T17:46:13.810] [INFO] oAuth - 权限: token为29078937745的用户登陆到系统
[2018-10-15T17:47:36.900] [INFO] oAuth - 权限: token为29078937745的用户登陆到系统
[2018-10-15T17:48:16.777] [INFO] oAuth - 权限: token为29078937745的用户登陆到系统
[2018-10-15T17:49:40.716] [INFO] oAuth - 权限: token为29078937745的用户登陆到系统
[2018-10-15T17:50:12.926] [INFO] oAuth - 权限: token为29078937745的用户登陆到系统
[2018-10-15T17:50:35.491] [INFO] oAuth - 权限: token为29078937745的用户登陆到系统
[2018-10-15T18:53:55.608] [INFO] oAuth - 权限: token为29078937745的用户登陆到系统
[2018-10-15T18:53:55.609] [INFO] oAuth - 权限: token为29078937745的用户登陆到系统
[2018-10-15T18:53:55.611] [INFO] oAuth - 权限: token为29078937745的用户登陆到系统
[2018-10-15T18:53:55.611] [INFO] oAuth - 权限: token为29078937745的用户登陆到系统
[2018-10-15T18:53:58.163] [INFO] oAuth - 权限: token为42683311229的用户登陆到系统
[2018-10-15T18:53:58.164] [INFO] oAuth - 权限: token为42683311229的用户登陆到系统
[2018-10-15T18:53:58.164] [INFO] oAuth - 权限: token为42683311229的用户登陆到系统
[2018-10-15T18:53:58.164] [INFO] oAuth - 权限: token为42683311229的用户登陆到系统
[2018-10-15T18:54:00.492] [INFO] oAuth - 权限: token为15376184910的用户登陆到系统
[2018-10-15T18:54:00.495] [INFO] oAuth - 权限: token为15376184910的用户登陆到系统
[2018-10-15T18:54:00.495] [INFO] oAuth - 权限: token为15376184910的用户登陆到系统
[2018-10-15T18:54:00.495] [INFO] oAuth - 权限: token为15376184910的用户登陆到系统
[2018-10-15T18:54:01.770] [INFO] oAuth - 权限: token为96035941826的用户登陆到系统
[2018-10-15T18:54:03.161] [INFO] oAuth - 权限: token为96035941826的用户登陆到系统
[2018-10-15T18:54:55.298] [INFO] oAuth - 权限: token为96035941826的用户登陆到系统
[2018-10-15T18:54:55.773] [INFO] oAuth - 权限: token为96035941826的用户登陆到系统
[2018-10-15T18:54:56.389] [INFO] oAuth - 权限: token为96035941826的用户登陆到系统
[2018-10-15T18:54:57.485] [INFO] oAuth - 权限: token为96035941826的用户登陆到系统
[2018-10-15T18:54:59.015] [INFO] oAuth - 权限: token为96035941826的用户登陆到系统
[2018-10-15T18:54:59.520] [INFO] oAuth - 权限: token为96035941826的用户登陆到系统
[2018-10-15T18:55:01.185] [INFO] oAuth - 权限: token为96035941826的用户登陆到系统
[2018-10-15T18:55:01.643] [INFO] oAuth - 权限: token为96035941826的用户登陆到系统
[2018-10-15T18:55:02.634] [INFO] oAuth - 权限: token为96035941826的用户登陆到系统
[2018-10-15T19:14:04.154] [INFO] oAuth - 权限: token为96035941826的用户登陆到系统
[2018-10-15T19:14:04.170] [INFO] oAuth - 权限: token为96035941826的用户登陆到系统
[2018-10-15T19:14:04.170] [INFO] oAuth - 权限: token为96035941826的用户登陆到系统
[2018-10-15T19:14:04.170] [INFO] oAuth - 权限: token为96035941826的用户登陆到系统
[2018-10-15T19:14:04.170] [INFO] oAuth - 权限: token为16616060549的用户登陆到系统
[2018-10-15T19:14:04.170] [INFO] oAuth - 权限: token为16616060549的用户登陆到系统
[2018-10-15T19:14:04.170] [INFO] oAuth - 权限: token为16616060549的用户登陆到系统
[2018-10-15T19:14:04.170] [INFO] oAuth - 权限: token为16616060549的用户登陆到系统
[2018-10-15T19:14:04.170] [INFO] oAuth - 权限: token为83319299201的用户登陆到系统
[2018-10-15T19:14:04.170] [INFO] oAuth - 权限: token为83319299201的用户登陆到系统
[2018-10-15T19:14:04.170] [INFO] oAuth - 权限: token为83319299201的用户登陆到系统
[2018-10-15T19:14:04.170] [INFO] oAuth - 权限: token为83319299201的用户登陆到系统
[2018-10-15T19:14:04.170] [INFO] oAuth - 权限: token为63877185903的用户登陆到系统
[2018-10-15T19:14:04.170] [INFO] oAuth - 权限: token为63877185903的用户登陆到系统
[2018-10-15T19:14:04.170] [INFO] oAuth - 权限: token为63877185903的用户登陆到系统
[2018-10-15T19:14:04.170] [INFO] oAuth - 权限: token为63877185903的用户登陆到系统
[2018-10-15T19:14:05.984] [INFO] oAuth - 权限: token为44213775204的用户登陆到系统
[2018-10-15T19:14:05.984] [INFO] oAuth - 权限: token为44213775204的用户登陆到系统
[2018-10-15T19:14:05.984] [INFO] oAuth - 权限: token为44213775204的用户登陆到系统
[2018-10-15T19:14:05.984] [INFO] oAuth - 权限: token为44213775204的用户登陆到系统
[2018-10-15T19:15:10.672] [ERROR] app - 【error】 status: 404 message: Not Found
[2018-10-15T19:15:10.673] [ERROR] app - 【stack】
  NotFoundError: Not Found
    at E:\node\enjoy\app.js:67:8
    at Layer.handle [as handle_request] (E:\node\node_modules\node_global\node_modules\express\lib\router\layer.js:95:5)
    at trim_prefix (E:\node\node_modules\node_global\node_modules\express\lib\router\index.js:317:13)
    at E:\node\node_modules\node_global\node_modules\express\lib\router\index.js:284:7
    at Function.process_params (E:\node\node_modules\node_global\node_modules\express\lib\router\index.js:335:12)
    at next (E:\node\node_modules\node_global\node_modules\express\lib\router\index.js:275:10)
    at E:\node\node_modules\node_global\node_modules\express\lib\router\index.js:635:15
    at next (E:\node\node_modules\node_global\node_modules\express\lib\router\index.js:260:14)
    at Function.handle (E:\node\node_modules\node_global\node_modules\express\lib\router\index.js:174:3)
    at router (E:\node\node_modules\node_global\node_modules\express\lib\router\index.js:47:12)
    at Layer.handle [as handle_request] (E:\node\node_modules\node_global\node_modules\express\lib\router\layer.js:95:5)
    at trim_prefix (E:\node\node_modules\node_global\node_modules\express\lib\router\index.js:317:13)
    at E:\node\node_modules\node_global\node_modules\express\lib\router\index.js:284:7
    at Function.process_params (E:\node\node_modules\node_global\node_modules\express\lib\router\index.js:335:12)
    at next (E:\node\node_modules\node_global\node_modules\express\lib\router\index.js:275:10)
    at E:\node\enjoy\app.js:59:9
[2018-10-15T19:26:56.454] [INFO] oAuth - 权限: token为35202116269的用户登陆到系统
[2018-10-15T19:42:40.284] [INFO] oAuth - 权限: token为35202116269的用户登陆到系统
[2018-10-15T19:44:17.491] [INFO] oAuth - 权限: token为35202116269的用户登陆到系统
[2018-10-15T19:45:35.250] [INFO] oAuth - 权限: token为35202116269的用户登陆到系统
[2018-10-15T19:45:54.994] [INFO] oAuth - 权限: token为35202116269的用户登陆到系统
[2018-10-15T19:46:43.472] [INFO] oAuth - 权限: token为35202116269的用户登陆到系统
[2018-10-15T19:47:07.883] [INFO] oAuth - 权限: token为35202116269的用户登陆到系统
[2018-10-15T19:47:39.388] [INFO] oAuth - 权限: token为35202116269的用户登陆到系统
[2018-10-15T19:47:39.391] [INFO] oAuth - 权限: token为35202116269的用户登陆到系统
[2018-10-15T19:47:39.395] [INFO] oAuth - 权限: token为35202116269的用户登陆到系统
[2018-10-15T19:47:39.395] [INFO] oAuth - 权限: token为35202116269的用户登陆到系统
[2018-10-15T19:47:41.967] [INFO] oAuth - 权限: token为47891894105的用户登陆到系统
[2018-10-15T19:47:41.970] [INFO] oAuth - 权限: token为47891894105的用户登陆到系统
[2018-10-15T19:47:41.970] [INFO] oAuth - 权限: token为47891894105的用户登陆到系统
[2018-10-15T19:47:41.970] [INFO] oAuth - 权限: token为47891894105的用户登陆到系统
[2018-10-15T19:51:14.397] [INFO] oAuth - 权限: token为05051588418的用户登陆到系统
[2018-10-15T19:51:14.398] [INFO] oAuth - 权限: token为05051588418的用户登陆到系统
[2018-10-15T19:51:14.398] [INFO] oAuth - 权限: token为05051588418的用户登陆到系统
[2018-10-15T19:51:14.398] [INFO] oAuth - 权限: token为05051588418的用户登陆到系统
[2018-10-15T19:51:16.089] [INFO] oAuth - 权限: token为26168521526的用户登陆到系统
[2018-10-15T19:51:16.089] [INFO] oAuth - 权限: token为26168521526的用户登陆到系统
[2018-10-15T19:51:16.090] [INFO] oAuth - 权限: token为26168521526的用户登陆到系统
[2018-10-15T19:51:16.091] [INFO] oAuth - 权限: token为26168521526的用户登陆到系统
[2018-10-15T20:02:36.108] [INFO] oAuth - 权限: token为25539810940的用户登陆到系统
[2018-10-15T20:02:36.111] [INFO] oAuth - 权限: token为25539810940的用户登陆到系统
[2018-10-15T20:02:36.116] [INFO] oAuth - 权限: token为25539810940的用户登陆到系统
[2018-10-15T20:02:36.116] [INFO] oAuth - 权限: token为25539810940的用户登陆到系统
[2018-10-15T20:02:57.289] [INFO] oAuth - 权限: token为47989579674的用户登陆到系统
[2018-10-15T20:02:57.292] [INFO] oAuth - 权限: token为47989579674的用户登陆到系统
[2018-10-15T20:02:57.294] [INFO] oAuth - 权限: token为47989579674的用户登陆到系统
[2018-10-15T20:02:57.295] [INFO] oAuth - 权限: token为47989579674的用户登陆到系统
[2018-10-15T20:03:03.097] [INFO] oAuth - 权限: token为45791835711的用户登陆到系统
[2018-10-15T20:03:03.099] [INFO] oAuth - 权限: token为45791835711的用户登陆到系统
[2018-10-15T20:03:03.100] [INFO] oAuth - 权限: token为45791835711的用户登陆到系统
[2018-10-15T20:03:03.101] [INFO] oAuth - 权限: token为45791835711的用户登陆到系统
[2018-10-15T20:03:05.251] [INFO] oAuth - 权限: token为39270702364的用户登陆到系统
[2018-10-15T20:03:05.251] [INFO] oAuth - 权限: token为39270702364的用户登陆到系统
[2018-10-15T20:03:05.251] [INFO] oAuth - 权限: token为39270702364的用户登陆到系统
[2018-10-15T20:03:05.252] [INFO] oAuth - 权限: token为39270702364的用户登陆到系统
[2018-10-15T20:05:46.406] [INFO] oAuth - 权限: token为50440123945的用户登陆到系统
[2018-10-15T20:05:46.406] [INFO] oAuth - 权限: token为50440123945的用户登陆到系统
[2018-10-15T20:05:46.406] [INFO] oAuth - 权限: token为50440123945的用户登陆到系统
[2018-10-15T20:05:46.408] [INFO] oAuth - 权限: token为50440123945的用户登陆到系统
[2018-10-15T20:06:04.411] [INFO] oAuth - 权限: token为10649183538的用户登陆到系统
[2018-10-15T20:06:04.412] [INFO] oAuth - 权限: token为10649183538的用户登陆到系统
[2018-10-15T20:06:04.412] [INFO] oAuth - 权限: token为10649183538的用户登陆到系统
[2018-10-15T20:06:04.418] [INFO] oAuth - 权限: token为10649183538的用户登陆到系统
[2018-10-15T20:06:06.679] [INFO] oAuth - 权限: token为21704180632的用户登陆到系统
[2018-10-15T20:06:06.680] [INFO] oAuth - 权限: token为21704180632的用户登陆到系统
[2018-10-15T20:06:06.684] [INFO] oAuth - 权限: token为21704180632的用户登陆到系统
[2018-10-15T20:06:06.685] [INFO] oAuth - 权限: token为21704180632的用户登陆到系统
[2018-10-15T20:06:10.630] [INFO] oAuth - 权限: token为61911021282的用户登陆到系统
[2018-10-15T20:06:10.632] [INFO] oAuth - 权限: token为61911021282的用户登陆到系统
[2018-10-15T20:06:10.632] [INFO] oAuth - 权限: token为61911021282的用户登陆到系统
[2018-10-15T20:06:10.639] [INFO] oAuth - 权限: token为61911021282的用户登陆到系统
[2018-10-15T20:06:13.079] [INFO] oAuth - 权限: token为46220524188的用户登陆到系统
[2018-10-15T20:06:13.080] [INFO] oAuth - 权限: token为46220524188的用户登陆到系统
[2018-10-15T20:06:13.080] [INFO] oAuth - 权限: token为46220524188的用户登陆到系统
[2018-10-15T20:06:13.081] [INFO] oAuth - 权限: token为46220524188的用户登陆到系统
[2018-10-15T20:15:30.819] [INFO] oAuth - 权限: token为21601726119的用户登陆到系统
[2018-10-15T20:15:57.116] [INFO] oAuth - 权限: token为21601726119的用户登陆到系统
[2018-10-15T20:15:59.581] [INFO] oAuth - 权限: token为21601726119的用户登陆到系统
[2018-10-15T20:15:59.587] [INFO] oAuth - 权限: token为21601726119的用户登陆到系统
[2018-10-15T20:15:59.587] [INFO] oAuth - 权限: token为21601726119的用户登陆到系统
[2018-10-15T20:15:59.590] [INFO] oAuth - 权限: token为21601726119的用户登陆到系统
[2018-10-15T20:16:00.926] [INFO] oAuth - 权限: token为92046628934的用户登陆到系统
[2018-10-15T20:16:00.928] [INFO] oAuth - 权限: token为92046628934的用户登陆到系统
[2018-10-15T20:16:00.930] [INFO] oAuth - 权限: token为92046628934的用户登陆到系统
[2018-10-15T20:16:00.930] [INFO] oAuth - 权限: token为92046628934的用户登陆到系统
[2018-10-15T20:16:03.379] [INFO] oAuth - 权限: token为04737036048的用户登陆到系统
[2018-10-15T20:31:21.506] [INFO] oAuth - 权限: token为04737036048的用户登陆到系统
[2018-10-15T20:36:07.619] [INFO] oAuth - 权限: token为04737036048的用户登陆到系统
[2018-10-15T20:36:41.747] [INFO] oAuth - 权限: token为04737036048的用户登陆到系统
[2018-10-15T20:37:24.778] [INFO] oAuth - 权限: token为04737036048的用户登陆到系统
[2018-10-15T20:37:30.975] [INFO] oAuth - 权限: token为04737036048的用户登陆到系统
[2018-10-15T20:39:32.259] [INFO] oAuth - 权限: token为04737036048的用户登陆到系统
[2018-10-15T20:40:03.711] [INFO] oAuth - 权限: token为04737036048的用户登陆到系统
[2018-10-15T20:40:05.867] [INFO] oAuth - 权限: token为04737036048的用户登陆到系统
[2018-10-15T20:40:05.875] [ERROR] app - 【error】 status: 500 message: Cannot read property 'sup_id' of undefined
[2018-10-15T20:40:05.876] [ERROR] app - 【stack】
  TypeError: Cannot read property 'sup_id' of undefined
    at getExChange (E:\node\enjoy\controllers\oauth.js:243:53)
    at <anonymous>
    at process._tickCallback (internal/process/next_tick.js:189:7)
[2018-10-15T20:40:26.628] [INFO] oAuth - 权限: token为23005612129的用户登陆到系统
[2018-10-15T20:40:57.350] [INFO] oAuth - 权限: token为04737036048的用户登陆到系统
[2018-10-15T20:41:01.330] [INFO] oAuth - 权限: token为04737036048的用户登陆到系统
[2018-10-15T20:41:04.302] [INFO] oAuth - 权限: token为04737036048的用户登陆到系统
[2018-10-15T20:41:04.310] [ERROR] app - 【error】 status: 500 message: Cannot read property 'sup_id' of undefined
[2018-10-15T20:41:04.310] [ERROR] app - 【stack】
  TypeError: Cannot read property 'sup_id' of undefined
    at getExChange (E:\node\enjoy\controllers\oauth.js:243:53)
    at <anonymous>
    at process._tickCallback (internal/process/next_tick.js:189:7)
[2018-10-15T20:41:43.335] [INFO] oAuth - 权限: token为04737036048的用户登陆到系统
[2018-10-15T20:41:58.579] [INFO] oAuth - 权限: token为04737036048的用户登陆到系统
[2018-10-15T20:42:01.016] [INFO] oAuth - 权限: token为04737036048的用户登陆到系统
[2018-10-15T20:42:18.261] [INFO] oAuth - 权限: token为04737036048的用户登陆到系统
[2018-10-15T20:42:18.261] [INFO] oAuth - 权限: token为04737036048的用户登陆到系统
[2018-10-15T20:42:18.263] [INFO] oAuth - 权限: token为04737036048的用户登陆到系统
[2018-10-15T20:42:18.264] [INFO] oAuth - 权限: token为04737036048的用户登陆到系统
[2018-10-15T20:42:20.583] [INFO] oAuth - 权限: token为60391025563的用户登陆到系统
[2018-10-15T20:42:20.585] [INFO] oAuth - 权限: token为60391025563的用户登陆到系统
[2018-10-15T20:42:20.586] [INFO] oAuth - 权限: token为60391025563的用户登陆到系统
[2018-10-15T20:42:20.586] [INFO] oAuth - 权限: token为60391025563的用户登陆到系统
[2018-10-15T20:42:31.568] [INFO] oAuth - 权限: token为95086761266的用户登陆到系统
[2018-10-15T20:42:47.437] [INFO] oAuth - 权限: token为95086761266的用户登陆到系统
[2018-10-15T20:42:47.438] [INFO] oAuth - 权限: token为95086761266的用户登陆到系统
[2018-10-15T20:42:47.441] [INFO] oAuth - 权限: token为95086761266的用户登陆到系统
[2018-10-15T20:42:47.444] [INFO] oAuth - 权限: token为95086761266的用户登陆到系统
[2018-10-15T20:42:49.619] [INFO] oAuth - 权限: token为75777110913的用户登陆到系统
[2018-10-15T20:42:49.621] [INFO] oAuth - 权限: token为75777110913的用户登陆到系统
[2018-10-15T20:42:49.622] [INFO] oAuth - 权限: token为75777110913的用户登陆到系统
[2018-10-15T20:42:49.622] [INFO] oAuth - 权限: token为75777110913的用户登陆到系统
[2018-10-15T20:42:51.252] [INFO] oAuth - 权限: token为25080551068的用户登陆到系统
[2018-10-15T20:44:11.545] [INFO] oAuth - 权限: token为25080551068的用户登陆到系统
[2018-10-15T20:45:10.669] [INFO] oAuth - 权限: token为25080551068的用户登陆到系统
[2018-10-15T20:45:10.670] [INFO] oAuth - 权限: token为25080551068的用户登陆到系统
[2018-10-15T20:45:10.670] [INFO] oAuth - 权限: token为25080551068的用户登陆到系统
[2018-10-15T20:45:10.671] [INFO] oAuth - 权限: token为25080551068的用户登陆到系统
[2018-10-15T20:45:16.413] [INFO] oAuth - 权限: token为77671431212的用户登陆到系统
[2018-10-15T20:45:19.658] [INFO] oAuth - 权限: token为77671431212的用户登陆到系统
[2018-10-15T20:45:21.474] [INFO] oAuth - 权限: token为77671431212的用户登陆到系统
[2018-10-15T20:45:21.475] [INFO] oAuth - 权限: token为77671431212的用户登陆到系统
[2018-10-15T20:45:21.476] [INFO] oAuth - 权限: token为77671431212的用户登陆到系统
[2018-10-15T20:45:21.478] [INFO] oAuth - 权限: token为77671431212的用户登陆到系统
[2018-10-15T20:45:22.404] [INFO] oAuth - 权限: token为83609373660的用户登陆到系统
[2018-10-15T20:45:24.038] [INFO] oAuth - 权限: token为83609373660的用户登陆到系统
[2018-10-15T20:45:24.040] [INFO] oAuth - 权限: token为83609373660的用户登陆到系统
[2018-10-15T20:45:24.040] [INFO] oAuth - 权限: token为83609373660的用户登陆到系统
[2018-10-15T20:45:24.040] [INFO] oAuth - 权限: token为83609373660的用户登陆到系统
[2018-10-15T20:45:24.791] [INFO] oAuth - 权限: token为46209820454的用户登陆到系统
[2018-10-15T20:45:26.468] [INFO] oAuth - 权限: token为46209820454的用户登陆到系统
[2018-10-15T20:45:26.469] [INFO] oAuth - 权限: token为46209820454的用户登陆到系统
[2018-10-15T20:45:26.469] [INFO] oAuth - 权限: token为46209820454的用户登陆到系统
[2018-10-15T20:45:26.470] [INFO] oAuth - 权限: token为46209820454的用户登陆到系统
[2018-10-15T20:45:27.523] [INFO] oAuth - 权限: token为00858099220的用户登陆到系统
[2018-10-15T20:45:28.834] [INFO] oAuth - 权限: token为00858099220的用户登陆到系统
[2018-10-15T20:45:28.835] [INFO] oAuth - 权限: token为00858099220的用户登陆到系统
[2018-10-15T20:45:28.838] [INFO] oAuth - 权限: token为00858099220的用户登陆到系统
[2018-10-15T20:45:28.839] [INFO] oAuth - 权限: token为00858099220的用户登陆到系统
[2018-10-15T20:45:37.827] [INFO] oAuth - 权限: token为70496405390的用户登陆到系统
[2018-10-15T20:45:50.478] [INFO] oAuth - 权限: token为70496405390的用户登陆到系统
[2018-10-15T20:45:50.481] [INFO] oAuth - 权限: token为70496405390的用户登陆到系统
[2018-10-15T20:45:50.482] [INFO] oAuth - 权限: token为70496405390的用户登陆到系统
[2018-10-15T20:45:50.483] [INFO] oAuth - 权限: token为70496405390的用户登陆到系统
