[2018-11-09T09:37:47.970] [ERROR] app - 【error】 status: 404 message: Not Found
[2018-11-09T09:37:47.971] [ERROR] app - 【stack】
  NotFoundError: Not Found
    at E:\node\enjoy\app.js:73:8
    at Layer.handle [as handle_request] (E:\node\node_modules\node_global\node_modules\express\lib\router\layer.js:95:5)
    at trim_prefix (E:\node\node_modules\node_global\node_modules\express\lib\router\index.js:317:13)
    at E:\node\node_modules\node_global\node_modules\express\lib\router\index.js:284:7
    at Function.process_params (E:\node\node_modules\node_global\node_modules\express\lib\router\index.js:335:12)
    at next (E:\node\node_modules\node_global\node_modules\express\lib\router\index.js:275:10)
    at E:\node\node_modules\node_global\node_modules\express\lib\router\index.js:635:15
    at next (E:\node\node_modules\node_global\node_modules\express\lib\router\index.js:260:14)
    at next (E:\node\node_modules\node_global\node_modules\express\lib\router\route.js:127:14)
    at Auth (E:\node\enjoy\controllers\oauth.js:40:17)
    at <anonymous>
    at process._tickCallback (internal/process/next_tick.js:189:7)
[2018-11-09T10:38:59.677] [WARN] oAuth - 任务时间到期:  5的任务时间到期，时间为:Fri Nov 09 2018 10:38:59 GMT+0800 (中国标准时间)
[2018-11-09T13:01:02.181] [WARN] oAuth - 任务时间到期:  1的任务时间到期，时间为:Fri Nov 09 2018 13:01:02 GMT+0800 (中国标准时间)
[2018-11-09T14:34:32.723] [WARN] oAuth - 任务时间到期:  1的任务时间到期，时间为:Fri Nov 09 2018 14:34:32 GMT+0800 (中国标准时间)
[2018-11-09T16:01:48.489] [WARN] oAuth - 任务时间到期:  1的任务时间到期，时间为:Fri Nov 09 2018 16:01:48 GMT+0800 (中国标准时间)
[2018-11-09T16:13:35.343] [ERROR] app - 【error】 status: 404 message: Not Found
[2018-11-09T16:13:35.344] [ERROR] app - 【stack】
  NotFoundError: Not Found
    at E:\node\enjoy\app.js:73:8
    at Layer.handle [as handle_request] (E:\node\node_modules\node_global\node_modules\express\lib\router\layer.js:95:5)
    at trim_prefix (E:\node\node_modules\node_global\node_modules\express\lib\router\index.js:317:13)
    at E:\node\node_modules\node_global\node_modules\express\lib\router\index.js:284:7
    at Function.process_params (E:\node\node_modules\node_global\node_modules\express\lib\router\index.js:335:12)
    at next (E:\node\node_modules\node_global\node_modules\express\lib\router\index.js:275:10)
    at E:\node\node_modules\node_global\node_modules\express\lib\router\index.js:635:15
    at next (E:\node\node_modules\node_global\node_modules\express\lib\router\index.js:260:14)
    at next (E:\node\node_modules\node_global\node_modules\express\lib\router\route.js:127:14)
    at Auth (E:\node\enjoy\controllers\oauth.js:40:17)
    at <anonymous>
    at process._tickCallback (internal/process/next_tick.js:189:7)
[2018-11-09T18:24:39.671] [ERROR] app - 【error】 status: 404 message: Not Found
[2018-11-09T18:24:39.672] [ERROR] app - 【stack】
  NotFoundError: Not Found
    at E:\node\enjoy\app.js:73:8
    at Layer.handle [as handle_request] (E:\node\node_modules\node_global\node_modules\express\lib\router\layer.js:95:5)
    at trim_prefix (E:\node\node_modules\node_global\node_modules\express\lib\router\index.js:317:13)
    at E:\node\node_modules\node_global\node_modules\express\lib\router\index.js:284:7
    at Function.process_params (E:\node\node_modules\node_global\node_modules\express\lib\router\index.js:335:12)
    at next (E:\node\node_modules\node_global\node_modules\express\lib\router\index.js:275:10)
    at E:\node\node_modules\node_global\node_modules\express\lib\router\index.js:635:15
    at next (E:\node\node_modules\node_global\node_modules\express\lib\router\index.js:260:14)
    at Function.handle (E:\node\node_modules\node_global\node_modules\express\lib\router\index.js:174:3)
    at router (E:\node\node_modules\node_global\node_modules\express\lib\router\index.js:47:12)
    at Layer.handle [as handle_request] (E:\node\node_modules\node_global\node_modules\express\lib\router\layer.js:95:5)
    at trim_prefix (E:\node\node_modules\node_global\node_modules\express\lib\router\index.js:317:13)
    at E:\node\node_modules\node_global\node_modules\express\lib\router\index.js:284:7
    at Function.process_params (E:\node\node_modules\node_global\node_modules\express\lib\router\index.js:335:12)
    at next (E:\node\node_modules\node_global\node_modules\express\lib\router\index.js:275:10)
    at E:\node\enjoy\app.js:65:9
[2018-11-09T18:24:39.978] [ERROR] app - 【error】 status: 404 message: Not Found
[2018-11-09T18:24:39.978] [ERROR] app - 【stack】
  NotFoundError: Not Found
    at E:\node\enjoy\app.js:73:8
    at Layer.handle [as handle_request] (E:\node\node_modules\node_global\node_modules\express\lib\router\layer.js:95:5)
    at trim_prefix (E:\node\node_modules\node_global\node_modules\express\lib\router\index.js:317:13)
    at E:\node\node_modules\node_global\node_modules\express\lib\router\index.js:284:7
    at Function.process_params (E:\node\node_modules\node_global\node_modules\express\lib\router\index.js:335:12)
    at next (E:\node\node_modules\node_global\node_modules\express\lib\router\index.js:275:10)
    at E:\node\node_modules\node_global\node_modules\express\lib\router\index.js:635:15
    at next (E:\node\node_modules\node_global\node_modules\express\lib\router\index.js:260:14)
    at Function.handle (E:\node\node_modules\node_global\node_modules\express\lib\router\index.js:174:3)
    at router (E:\node\node_modules\node_global\node_modules\express\lib\router\index.js:47:12)
    at Layer.handle [as handle_request] (E:\node\node_modules\node_global\node_modules\express\lib\router\layer.js:95:5)
    at trim_prefix (E:\node\node_modules\node_global\node_modules\express\lib\router\index.js:317:13)
    at E:\node\node_modules\node_global\node_modules\express\lib\router\index.js:284:7
    at Function.process_params (E:\node\node_modules\node_global\node_modules\express\lib\router\index.js:335:12)
    at next (E:\node\node_modules\node_global\node_modules\express\lib\router\index.js:275:10)
    at E:\node\enjoy\app.js:65:9
[2018-11-09T18:38:40.170] [ERROR] app - 【error】 status: 404 message: Not Found
[2018-11-09T18:38:40.170] [ERROR] app - 【stack】
  NotFoundError: Not Found
    at E:\node\enjoy\app.js:73:8
    at Layer.handle [as handle_request] (E:\node\node_modules\node_global\node_modules\express\lib\router\layer.js:95:5)
    at trim_prefix (E:\node\node_modules\node_global\node_modules\express\lib\router\index.js:317:13)
    at E:\node\node_modules\node_global\node_modules\express\lib\router\index.js:284:7
    at Function.process_params (E:\node\node_modules\node_global\node_modules\express\lib\router\index.js:335:12)
    at next (E:\node\node_modules\node_global\node_modules\express\lib\router\index.js:275:10)
    at E:\node\node_modules\node_global\node_modules\express\lib\router\index.js:635:15
    at next (E:\node\node_modules\node_global\node_modules\express\lib\router\index.js:260:14)
    at next (E:\node\node_modules\node_global\node_modules\express\lib\router\route.js:127:14)
    at Auth (E:\node\enjoy\controllers\oauth.js:40:17)
    at <anonymous>
    at process._tickCallback (internal/process/next_tick.js:189:7)
