[2018-11-05T10:17:18.866] [ERROR] app - 【error】 status: 404 message: Not Found
[2018-11-05T10:17:18.886] [ERROR] app - 【stack】
  NotFoundError: Not Found
    at E:\node\enjoy\app.js:73:8
    at Layer.handle [as handle_request] (E:\node\node_modules\node_global\node_modules\express\lib\router\layer.js:95:5)
    at trim_prefix (E:\node\node_modules\node_global\node_modules\express\lib\router\index.js:317:13)
    at E:\node\node_modules\node_global\node_modules\express\lib\router\index.js:284:7
    at Function.process_params (E:\node\node_modules\node_global\node_modules\express\lib\router\index.js:335:12)
    at next (E:\node\node_modules\node_global\node_modules\express\lib\router\index.js:275:10)
    at E:\node\node_modules\node_global\node_modules\express\lib\router\index.js:635:15
    at next (E:\node\node_modules\node_global\node_modules\express\lib\router\index.js:260:14)
    at next (E:\node\node_modules\node_global\node_modules\express\lib\router\route.js:127:14)
    at Auth (E:\node\enjoy\controllers\oauth.js:40:17)
    at <anonymous>
    at process._tickCallback (internal/process/next_tick.js:189:7)
[2018-11-05T11:28:46.496] [ERROR] app - 【error】 status: 404 message: Not Found
[2018-11-05T11:28:46.497] [ERROR] app - 【stack】
  NotFoundError: Not Found
    at E:\node\enjoy\app.js:73:8
    at Layer.handle [as handle_request] (E:\node\node_modules\node_global\node_modules\express\lib\router\layer.js:95:5)
    at trim_prefix (E:\node\node_modules\node_global\node_modules\express\lib\router\index.js:317:13)
    at E:\node\node_modules\node_global\node_modules\express\lib\router\index.js:284:7
    at Function.process_params (E:\node\node_modules\node_global\node_modules\express\lib\router\index.js:335:12)
    at next (E:\node\node_modules\node_global\node_modules\express\lib\router\index.js:275:10)
    at E:\node\node_modules\node_global\node_modules\express\lib\router\index.js:635:15
    at next (E:\node\node_modules\node_global\node_modules\express\lib\router\index.js:260:14)
    at Function.handle (E:\node\node_modules\node_global\node_modules\express\lib\router\index.js:174:3)
    at router (E:\node\node_modules\node_global\node_modules\express\lib\router\index.js:47:12)
    at Layer.handle [as handle_request] (E:\node\node_modules\node_global\node_modules\express\lib\router\layer.js:95:5)
    at trim_prefix (E:\node\node_modules\node_global\node_modules\express\lib\router\index.js:317:13)
    at E:\node\node_modules\node_global\node_modules\express\lib\router\index.js:284:7
    at Function.process_params (E:\node\node_modules\node_global\node_modules\express\lib\router\index.js:335:12)
    at next (E:\node\node_modules\node_global\node_modules\express\lib\router\index.js:275:10)
    at E:\node\enjoy\app.js:65:9
[2018-11-05T11:28:46.899] [ERROR] app - 【error】 status: 404 message: Not Found
[2018-11-05T11:28:46.899] [ERROR] app - 【stack】
  NotFoundError: Not Found
    at E:\node\enjoy\app.js:73:8
    at Layer.handle [as handle_request] (E:\node\node_modules\node_global\node_modules\express\lib\router\layer.js:95:5)
    at trim_prefix (E:\node\node_modules\node_global\node_modules\express\lib\router\index.js:317:13)
    at E:\node\node_modules\node_global\node_modules\express\lib\router\index.js:284:7
    at Function.process_params (E:\node\node_modules\node_global\node_modules\express\lib\router\index.js:335:12)
    at next (E:\node\node_modules\node_global\node_modules\express\lib\router\index.js:275:10)
    at E:\node\node_modules\node_global\node_modules\express\lib\router\index.js:635:15
    at next (E:\node\node_modules\node_global\node_modules\express\lib\router\index.js:260:14)
    at Function.handle (E:\node\node_modules\node_global\node_modules\express\lib\router\index.js:174:3)
    at router (E:\node\node_modules\node_global\node_modules\express\lib\router\index.js:47:12)
    at Layer.handle [as handle_request] (E:\node\node_modules\node_global\node_modules\express\lib\router\layer.js:95:5)
    at trim_prefix (E:\node\node_modules\node_global\node_modules\express\lib\router\index.js:317:13)
    at E:\node\node_modules\node_global\node_modules\express\lib\router\index.js:284:7
    at Function.process_params (E:\node\node_modules\node_global\node_modules\express\lib\router\index.js:335:12)
    at next (E:\node\node_modules\node_global\node_modules\express\lib\router\index.js:275:10)
    at E:\node\enjoy\app.js:65:9
[2018-11-05T12:29:48.915] [WARN] oAuth - 任务时间到期:  6的任务时间到期，时间为:Mon Nov 05 2018 12:29:48 GMT+0800 (中国标准时间)
[2018-11-05T16:48:12.900] [WARN] oAuth - 任务时间到期:  1的任务时间到期，时间为:Mon Nov 05 2018 16:48:12 GMT+0800 (中国标准时间)
[2018-11-05T18:43:27.187] [WARN] oAuth - 任务时间到期:  1的任务时间到期，时间为:Mon Nov 05 2018 18:43:27 GMT+0800 (中国标准时间)
[2018-11-05T18:55:05.496] [WARN] oAuth - 任务时间到期:  2的任务时间到期，时间为:Mon Nov 05 2018 18:55:05 GMT+0800 (中国标准时间)
[2018-11-05T21:20:30.193] [WARN] oAuth - 任务时间到期:  2的任务时间到期，时间为:Mon Nov 05 2018 21:20:30 GMT+0800 (中国标准时间)
