[2018-11-06T10:48:03.365] [ERROR] app - 【error】 status: 404 message: Not Found
[2018-11-06T10:48:03.366] [ERROR] app - 【stack】
  NotFoundError: Not Found
    at E:\node\enjoy\app.js:73:8
    at Layer.handle [as handle_request] (E:\node\node_modules\node_global\node_modules\express\lib\router\layer.js:95:5)
    at trim_prefix (E:\node\node_modules\node_global\node_modules\express\lib\router\index.js:317:13)
    at E:\node\node_modules\node_global\node_modules\express\lib\router\index.js:284:7
    at Function.process_params (E:\node\node_modules\node_global\node_modules\express\lib\router\index.js:335:12)
    at next (E:\node\node_modules\node_global\node_modules\express\lib\router\index.js:275:10)
    at E:\node\node_modules\node_global\node_modules\express\lib\router\index.js:635:15
    at next (E:\node\node_modules\node_global\node_modules\express\lib\router\index.js:260:14)
    at next (E:\node\node_modules\node_global\node_modules\express\lib\router\route.js:127:14)
    at Auth (E:\node\enjoy\controllers\oauth.js:40:17)
    at <anonymous>
    at process._tickCallback (internal/process/next_tick.js:189:7)
[2018-11-06T11:47:01.474] [WARN] oAuth - 任务时间到期:  10的任务时间到期，时间为:Tue Nov 06 2018 11:47:01 GMT+0800 (中国标准时间)
[2018-11-06T12:18:55.958] [WARN] oAuth - 任务时间到期:  5的任务时间到期，时间为:Tue Nov 06 2018 12:18:55 GMT+0800 (中国标准时间)
[2018-11-06T15:12:03.397] [ERROR] app - 【error】 status: 404 message: Not Found
[2018-11-06T15:12:03.398] [ERROR] app - 【stack】
  NotFoundError: Not Found
    at E:\node\enjoy\app.js:73:8
    at Layer.handle [as handle_request] (E:\node\node_modules\node_global\node_modules\express\lib\router\layer.js:95:5)
    at trim_prefix (E:\node\node_modules\node_global\node_modules\express\lib\router\index.js:317:13)
    at E:\node\node_modules\node_global\node_modules\express\lib\router\index.js:284:7
    at Function.process_params (E:\node\node_modules\node_global\node_modules\express\lib\router\index.js:335:12)
    at next (E:\node\node_modules\node_global\node_modules\express\lib\router\index.js:275:10)
    at E:\node\node_modules\node_global\node_modules\express\lib\router\index.js:635:15
    at next (E:\node\node_modules\node_global\node_modules\express\lib\router\index.js:260:14)
    at next (E:\node\node_modules\node_global\node_modules\express\lib\router\route.js:127:14)
    at Auth (E:\node\enjoy\controllers\oauth.js:40:17)
    at <anonymous>
    at process._tickCallback (internal/process/next_tick.js:189:7)
[2018-11-06T15:12:14.250] [ERROR] app - 【error】 status: 404 message: Not Found
[2018-11-06T15:12:14.252] [ERROR] app - 【stack】
  NotFoundError: Not Found
    at E:\node\enjoy\app.js:73:8
    at Layer.handle [as handle_request] (E:\node\node_modules\node_global\node_modules\express\lib\router\layer.js:95:5)
    at trim_prefix (E:\node\node_modules\node_global\node_modules\express\lib\router\index.js:317:13)
    at E:\node\node_modules\node_global\node_modules\express\lib\router\index.js:284:7
    at Function.process_params (E:\node\node_modules\node_global\node_modules\express\lib\router\index.js:335:12)
    at next (E:\node\node_modules\node_global\node_modules\express\lib\router\index.js:275:10)
    at E:\node\node_modules\node_global\node_modules\express\lib\router\index.js:635:15
    at next (E:\node\node_modules\node_global\node_modules\express\lib\router\index.js:260:14)
    at next (E:\node\node_modules\node_global\node_modules\express\lib\router\route.js:127:14)
    at Auth (E:\node\enjoy\controllers\oauth.js:40:17)
    at <anonymous>
    at process._tickCallback (internal/process/next_tick.js:189:7)
[2018-11-06T15:12:16.472] [ERROR] app - 【error】 status: 404 message: Not Found
[2018-11-06T15:12:16.473] [ERROR] app - 【stack】
  NotFoundError: Not Found
    at E:\node\enjoy\app.js:73:8
    at Layer.handle [as handle_request] (E:\node\node_modules\node_global\node_modules\express\lib\router\layer.js:95:5)
    at trim_prefix (E:\node\node_modules\node_global\node_modules\express\lib\router\index.js:317:13)
    at E:\node\node_modules\node_global\node_modules\express\lib\router\index.js:284:7
    at Function.process_params (E:\node\node_modules\node_global\node_modules\express\lib\router\index.js:335:12)
    at next (E:\node\node_modules\node_global\node_modules\express\lib\router\index.js:275:10)
    at E:\node\node_modules\node_global\node_modules\express\lib\router\index.js:635:15
    at next (E:\node\node_modules\node_global\node_modules\express\lib\router\index.js:260:14)
    at Function.handle (E:\node\node_modules\node_global\node_modules\express\lib\router\index.js:174:3)
    at router (E:\node\node_modules\node_global\node_modules\express\lib\router\index.js:47:12)
    at Layer.handle [as handle_request] (E:\node\node_modules\node_global\node_modules\express\lib\router\layer.js:95:5)
    at trim_prefix (E:\node\node_modules\node_global\node_modules\express\lib\router\index.js:317:13)
    at E:\node\node_modules\node_global\node_modules\express\lib\router\index.js:284:7
    at Function.process_params (E:\node\node_modules\node_global\node_modules\express\lib\router\index.js:335:12)
    at next (E:\node\node_modules\node_global\node_modules\express\lib\router\index.js:275:10)
    at E:\node\enjoy\app.js:65:9
[2018-11-06T15:12:16.685] [ERROR] app - 【error】 status: 404 message: Not Found
[2018-11-06T15:12:16.686] [ERROR] app - 【stack】
  NotFoundError: Not Found
    at E:\node\enjoy\app.js:73:8
    at Layer.handle [as handle_request] (E:\node\node_modules\node_global\node_modules\express\lib\router\layer.js:95:5)
    at trim_prefix (E:\node\node_modules\node_global\node_modules\express\lib\router\index.js:317:13)
    at E:\node\node_modules\node_global\node_modules\express\lib\router\index.js:284:7
    at Function.process_params (E:\node\node_modules\node_global\node_modules\express\lib\router\index.js:335:12)
    at next (E:\node\node_modules\node_global\node_modules\express\lib\router\index.js:275:10)
    at E:\node\node_modules\node_global\node_modules\express\lib\router\index.js:635:15
    at next (E:\node\node_modules\node_global\node_modules\express\lib\router\index.js:260:14)
    at Function.handle (E:\node\node_modules\node_global\node_modules\express\lib\router\index.js:174:3)
    at router (E:\node\node_modules\node_global\node_modules\express\lib\router\index.js:47:12)
    at Layer.handle [as handle_request] (E:\node\node_modules\node_global\node_modules\express\lib\router\layer.js:95:5)
    at trim_prefix (E:\node\node_modules\node_global\node_modules\express\lib\router\index.js:317:13)
    at E:\node\node_modules\node_global\node_modules\express\lib\router\index.js:284:7
    at Function.process_params (E:\node\node_modules\node_global\node_modules\express\lib\router\index.js:335:12)
    at next (E:\node\node_modules\node_global\node_modules\express\lib\router\index.js:275:10)
    at E:\node\enjoy\app.js:65:9
[2018-11-06T15:12:24.079] [ERROR] app - 【error】 status: 404 message: Not Found
[2018-11-06T15:12:24.079] [ERROR] app - 【stack】
  NotFoundError: Not Found
    at E:\node\enjoy\app.js:73:8
    at Layer.handle [as handle_request] (E:\node\node_modules\node_global\node_modules\express\lib\router\layer.js:95:5)
    at trim_prefix (E:\node\node_modules\node_global\node_modules\express\lib\router\index.js:317:13)
    at E:\node\node_modules\node_global\node_modules\express\lib\router\index.js:284:7
    at Function.process_params (E:\node\node_modules\node_global\node_modules\express\lib\router\index.js:335:12)
    at next (E:\node\node_modules\node_global\node_modules\express\lib\router\index.js:275:10)
    at E:\node\node_modules\node_global\node_modules\express\lib\router\index.js:635:15
    at next (E:\node\node_modules\node_global\node_modules\express\lib\router\index.js:260:14)
    at next (E:\node\node_modules\node_global\node_modules\express\lib\router\route.js:127:14)
    at Auth (E:\node\enjoy\controllers\oauth.js:40:17)
    at <anonymous>
    at process._tickCallback (internal/process/next_tick.js:189:7)
[2018-11-06T16:47:00.533] [WARN] oAuth - 任务时间到期:  1的任务时间到期，时间为:Tue Nov 06 2018 16:47:00 GMT+0800 (中国标准时间)
[2018-11-06T18:55:09.956] [ERROR] app - 【error】 status: 404 message: Not Found
[2018-11-06T18:55:09.956] [ERROR] app - 【stack】
  NotFoundError: Not Found
    at E:\node\enjoy\app.js:73:8
    at Layer.handle [as handle_request] (E:\node\node_modules\node_global\node_modules\express\lib\router\layer.js:95:5)
    at trim_prefix (E:\node\node_modules\node_global\node_modules\express\lib\router\index.js:317:13)
    at E:\node\node_modules\node_global\node_modules\express\lib\router\index.js:284:7
    at Function.process_params (E:\node\node_modules\node_global\node_modules\express\lib\router\index.js:335:12)
    at next (E:\node\node_modules\node_global\node_modules\express\lib\router\index.js:275:10)
    at E:\node\node_modules\node_global\node_modules\express\lib\router\index.js:635:15
    at next (E:\node\node_modules\node_global\node_modules\express\lib\router\index.js:260:14)
    at next (E:\node\node_modules\node_global\node_modules\express\lib\router\route.js:127:14)
    at Auth (E:\node\enjoy\controllers\oauth.js:40:17)
    at <anonymous>
    at process._tickCallback (internal/process/next_tick.js:189:7)
[2018-11-06T18:55:23.084] [ERROR] app - 【error】 status: 404 message: Not Found
[2018-11-06T18:55:23.084] [ERROR] app - 【stack】
  NotFoundError: Not Found
    at E:\node\enjoy\app.js:73:8
    at Layer.handle [as handle_request] (E:\node\node_modules\node_global\node_modules\express\lib\router\layer.js:95:5)
    at trim_prefix (E:\node\node_modules\node_global\node_modules\express\lib\router\index.js:317:13)
    at E:\node\node_modules\node_global\node_modules\express\lib\router\index.js:284:7
    at Function.process_params (E:\node\node_modules\node_global\node_modules\express\lib\router\index.js:335:12)
    at next (E:\node\node_modules\node_global\node_modules\express\lib\router\index.js:275:10)
    at E:\node\node_modules\node_global\node_modules\express\lib\router\index.js:635:15
    at next (E:\node\node_modules\node_global\node_modules\express\lib\router\index.js:260:14)
    at next (E:\node\node_modules\node_global\node_modules\express\lib\router\route.js:127:14)
    at Auth (E:\node\enjoy\controllers\oauth.js:40:17)
    at <anonymous>
    at process._tickCallback (internal/process/next_tick.js:189:7)
